"../../../Engine/Plugins/Animation/ACLPlugin/Content/ACLAnimCurveCompressionSettings.uasset" 0
"../../../Engine/Plugins/Animation/ACLPlugin/Content/ACLAnimCurveCompressionSettings.uexp" 1
"../../../Engine/Plugins/Animation/ACLPlugin/Content/ACLAnimBoneCompressionSettings.uasset" 2
"../../../Engine/Plugins/Animation/ACLPlugin/Content/ACLAnimBoneCompressionSettings.uexp" 3
"../../../Engine/Plugins/2D/Paper2D/Content/PlaceholderTextures/DummySpriteTexture.ubulk" 4
"../../../Engine/Plugins/2D/Paper2D/Content/PlaceholderTextures/DummySpriteTexture.uasset" 5
"../../../Engine/Plugins/2D/Paper2D/Content/PlaceholderTextures/DummySpriteTexture.uexp" 6
"../../../Engine/Plugins/2D/Paper2D/Content/DummySprite.uasset" 7
"../../../Engine/Plugins/2D/Paper2D/Content/DummySprite.uexp" 8
"../../../Engine/Plugins/2D/Paper2D/Content/DefaultPaperTerrainMaterial.uasset" 9
"../../../Engine/Plugins/2D/Paper2D/Content/DefaultPaperTerrainMaterial.uexp" 10
"../../../Engine/Content/Animation/DefaultVariableFrameStrippingSettings.uasset" 11
"../../../Engine/Content/Animation/DefaultVariableFrameStrippingSettings.uexp" 12
"../../../Engine/Content/Animation/DefaultRecorderBoneCompression.uasset" 13
"../../../Engine/Content/Animation/DefaultRecorderBoneCompression.uexp" 14
"../../../Engine/Plugins/Animation/ControlRig/Content/Controls/DefaultGizmoLibraryNormalized.uasset" 15
"../../../Engine/Plugins/Animation/ControlRig/Content/Controls/DefaultGizmoLibraryNormalized.uexp" 16
"../../../Engine/Content/EngineSounds/Master.uasset" 17
"../../../Engine/Content/EngineSounds/Master.uexp" 18
"../../../Engine/Content/EngineMaterials/DefaultPhysicalMaterial.uasset" 19
"../../../Engine/Content/EngineMaterials/DefaultPhysicalMaterial.uexp" 20
"../../../Engine/Content/EngineMaterials/DefaultDestructiblePhysicalMaterial.uasset" 21
"../../../Engine/Content/EngineMaterials/DefaultDestructiblePhysicalMaterial.uexp" 22
"../../../Engine/Content/EngineFonts/Faces/DroidSansFallback.uexp" 23
"../../../Engine/Content/EngineFonts/Faces/DroidSansFallback.uasset" 24
"../../../Engine/Content/EngineFonts/Faces/DroidSansFallback.ufont" 25
"../../../Engine/Content/EngineFonts/Faces/DroidSansMono.uexp" 26
"../../../Engine/Content/EngineFonts/Faces/DroidSansMono.uasset" 27
"../../../Engine/Content/EngineFonts/Faces/DroidSansMono.ufont" 28
"../../../Engine/Content/EngineFonts/DroidSansMono.uasset" 29
"../../../Engine/Content/EngineFonts/DroidSansMono.uexp" 30
"../../../Engine/Content/EngineResources/GradientTexture0.uasset" 31
"../../../Engine/Content/EngineResources/GradientTexture0.uexp" 32
"../../../Engine/Content/EngineResources/Black.uasset" 33
"../../../Engine/Content/EngineResources/Black.uexp" 34
"../../../Engine/Content/EditorResources/S_Actor.ubulk" 35
"../../../Engine/Content/EditorResources/S_Actor.uasset" 36
"../../../Engine/Content/EditorResources/S_Actor.uexp" 37
"../../../Engine/Content/EditorResources/S_Trigger.ubulk" 38
"../../../Engine/Content/EditorResources/S_Trigger.uasset" 39
"../../../Engine/Content/EditorResources/S_Trigger.uexp" 40
"../../../Engine/Plugins/Runtime/AR/ARUtilities/Content/Materials/DummyExternalTexture.uasset" 41
"../../../Engine/Plugins/Runtime/AR/ARUtilities/Content/Materials/DummyExternalTexture.uexp" 42
"../../../Engine/Content/EngineResources/DefaultTexture.ubulk" 43
"../../../Engine/Content/EngineResources/DefaultTexture.uasset" 44
"../../../Engine/Content/EngineResources/DefaultTexture.uexp" 45
"../../../Engine/Plugins/Runtime/AR/Google/GoogleARCore/Content/M_SceneDepthOcclusion.uasset" 46
"../../../Engine/Plugins/Runtime/AR/Google/GoogleARCore/Content/M_SceneDepthOcclusion.uexp" 47
"../../../Engine/Plugins/Runtime/AR/AppleAR/AppleARKit/Content/M_SceneDepthOcclusion.uasset" 48
"../../../Engine/Plugins/Runtime/AR/AppleAR/AppleARKit/Content/M_SceneDepthOcclusion.uexp" 49
"../../../Engine/Content/Functions/Engine_MaterialFunctions01/Opacity/CameraDepthFade.uasset" 50
"../../../Engine/Content/Functions/Engine_MaterialFunctions01/Opacity/CameraDepthFade.uexp" 51
"../../../Engine/Content/EngineMaterials/T_Default_Material_Grid_M.ubulk" 52
"../../../Engine/Content/EngineMaterials/T_Default_Material_Grid_M.uasset" 53
"../../../Engine/Content/EngineMaterials/T_Default_Material_Grid_M.uexp" 54
"../../../Engine/Content/EngineMaterials/T_Default_Material_Grid_N.ubulk" 55
"../../../Engine/Content/EngineMaterials/T_Default_Material_Grid_N.uasset" 56
"../../../Engine/Content/EngineMaterials/T_Default_Material_Grid_N.uexp" 57
"../../../Engine/Content/EngineMaterials/WorldGridMaterial.uasset" 58
"../../../Engine/Content/EngineMaterials/WorldGridMaterial.uexp" 59
"../../../Engine/Plugins/Media/MediaPlate/Content/SM_MediaPlateScreen.ubulk" 60
"../../../Engine/Plugins/Media/MediaPlate/Content/SM_MediaPlateScreen.uasset" 61
"../../../Engine/Plugins/Media/MediaPlate/Content/SM_MediaPlateScreen.uexp" 62
"../../../Engine/Content/Functions/Engine_MaterialFunctions02/WorldPositionOffset/CameraOffset.uasset" 63
"../../../Engine/Content/Functions/Engine_MaterialFunctions02/WorldPositionOffset/CameraOffset.uexp" 64
"../../../Engine/Plugins/Animation/ControlRig/Content/M_Manip.uasset" 65
"../../../Engine/Plugins/Animation/ControlRig/Content/M_Manip.uexp" 66
"../../../Engine/Content/EngineMaterials/DefaultMaterial.uasset" 67
"../../../Engine/Content/EngineMaterials/DefaultMaterial.uexp" 68
"../../../Engine/Content/BasicShapes/Sphere.ubulk" 69
"../../../Engine/Content/BasicShapes/Sphere.uasset" 70
"../../../Engine/Content/BasicShapes/Sphere.uexp" 71
"../../../Engine/Content/BasicShapes/Cube.ubulk" 72
"../../../Engine/Content/BasicShapes/Cube.uasset" 73
"../../../Engine/Content/BasicShapes/Cube.uexp" 74
"../../../Engine/Content/BasicShapes/Cone.ubulk" 75
"../../../Engine/Content/BasicShapes/Cone.uasset" 76
"../../../Engine/Content/BasicShapes/Cone.uexp" 77
"../../../Engine/Content/EditorResources/S_BoxReflectionCapture.uasset" 78
"../../../Engine/Content/EditorResources/S_BoxReflectionCapture.uexp" 79
"../../../Engine/Plugins/VirtualProduction/CameraCalibrationCore/Content/Materials/M_DefaultOddSquare.uasset" 80
"../../../Engine/Plugins/VirtualProduction/CameraCalibrationCore/Content/Materials/M_DefaultOddSquare.uexp" 81
"../../../Engine/Plugins/VirtualProduction/CameraCalibrationCore/Content/Materials/M_DefaultEvenSquare.uasset" 82
"../../../Engine/Plugins/VirtualProduction/CameraCalibrationCore/Content/Materials/M_DefaultEvenSquare.uexp" 83
"../../../Engine/Plugins/Runtime/HairStrands/Content/Materials/HairMeshesDefaultMaterial.uasset" 84
"../../../Engine/Plugins/Runtime/HairStrands/Content/Materials/HairMeshesDefaultMaterial.uexp" 85
"../../../Engine/Plugins/Runtime/HairStrands/Content/Materials/HairDefaultMaterial.uasset" 86
"../../../Engine/Plugins/Runtime/HairStrands/Content/Materials/HairDefaultMaterial.uexp" 87
"../../../Engine/Content/Functions/Engine_MaterialFunctions02/Utility/MakeFloat2.uasset" 88
"../../../Engine/Content/Functions/Engine_MaterialFunctions02/Utility/MakeFloat2.uexp" 89
"../../../Engine/Content/Functions/Engine_MaterialFunctions02/Utility/MakeFloat3.uasset" 90
"../../../Engine/Content/Functions/Engine_MaterialFunctions02/Utility/MakeFloat3.uexp" 91
"../../../Engine/Content/EngineMaterials/HairDebugColor.uasset" 92
"../../../Engine/Content/EngineMaterials/HairDebugColor.uexp" 93
"../../../Engine/Content/EngineMaterials/HairColorMap.uasset" 94
"../../../Engine/Content/EngineMaterials/HairColorMap.uexp" 95
"../../../Engine/Plugins/Runtime/HairStrands/Content/Materials/HairGroupColors.uasset" 96
"../../../Engine/Plugins/Runtime/HairStrands/Content/Materials/HairGroupColors.uexp" 97
"../../../Engine/Plugins/Runtime/HairStrands/Content/Materials/HairDebugMaterial.uasset" 98
"../../../Engine/Plugins/Runtime/HairStrands/Content/Materials/HairDebugMaterial.uexp" 99
"../../../Engine/Plugins/Runtime/HairStrands/Content/Materials/HairCardsDefaultMaterial.uasset" 100
"../../../Engine/Plugins/Runtime/HairStrands/Content/Materials/HairCardsDefaultMaterial.uexp" 101
"../../../Engine/Plugins/Runtime/AudioWidgets/Content/Resources/ScrubHandleDown_Clamped.uasset" 102
"../../../Engine/Plugins/Runtime/AudioWidgets/Content/Resources/ScrubHandleDown_Clamped.uexp" 103
"../../../Engine/Plugins/Runtime/AR/ARUtilities/Content/Materials/MF_DistanceColorLerp.uasset" 104
"../../../Engine/Plugins/Runtime/AR/ARUtilities/Content/Materials/MF_DistanceColorLerp.uexp" 105
"../../../Engine/Plugins/Runtime/AR/ARUtilities/Content/Materials/M_DepthColoration.uasset" 106
"../../../Engine/Plugins/Runtime/AR/ARUtilities/Content/Materials/M_DepthColoration.uexp" 107
"../../../Engine/Plugins/Interchange/Assets/Content/Functions/MX_UsdPreviewSurface.uasset" 108
"../../../Engine/Plugins/Interchange/Assets/Content/Functions/MX_UsdPreviewSurface.uexp" 109
"../../../Engine/Plugins/Interchange/Assets/Content/Functions/MX_UniformEDF.uasset" 110
"../../../Engine/Plugins/Interchange/Assets/Content/Functions/MX_UniformEDF.uexp" 111
"../../../Engine/Plugins/Interchange/Assets/Content/Functions/MX_TranslucentBSDF.uasset" 112
"../../../Engine/Plugins/Interchange/Assets/Content/Functions/MX_TranslucentBSDF.uexp" 113
"../../../Engine/Plugins/Interchange/Assets/Content/Functions/MX_ThinFilmBSDF.uasset" 114
"../../../Engine/Plugins/Interchange/Assets/Content/Functions/MX_ThinFilmBSDF.uexp" 115
"../../../Engine/Plugins/Interchange/Assets/Content/Functions/MX_SurfaceUnlit.uasset" 116
"../../../Engine/Plugins/Interchange/Assets/Content/Functions/MX_SurfaceUnlit.uexp" 117
"../../../Engine/Plugins/Interchange/Assets/Content/Functions/MX_Surface.uasset" 118
"../../../Engine/Plugins/Interchange/Assets/Content/Functions/MX_Surface.uexp" 119
"../../../Engine/Plugins/Interchange/Assets/Content/Functions/MX_SubsurfaceBSDF.uasset" 120
"../../../Engine/Plugins/Interchange/Assets/Content/Functions/MX_SubsurfaceBSDF.uexp" 121
"../../../Engine/Plugins/Interchange/Assets/Content/Functions/MX_SheenBSDF.uasset" 122
"../../../Engine/Plugins/Interchange/Assets/Content/Functions/MX_SheenBSDF.uexp" 123
"../../../Engine/Plugins/Interchange/Assets/Content/Functions/MX_OrenNayarBSDF.uasset" 124
"../../../Engine/Plugins/Interchange/Assets/Content/Functions/MX_OrenNayarBSDF.uexp" 125
"../../../Engine/Plugins/Interchange/Assets/Content/Functions/MF_IridescenceNoLUT.uasset" 126
"../../../Engine/Plugins/Interchange/Assets/Content/Functions/MF_IridescenceNoLUT.uexp" 127
"../../../Engine/Plugins/Interchange/Assets/Content/Functions/MX_StandardSurface.uasset" 128
"../../../Engine/Plugins/Interchange/Assets/Content/Functions/MX_StandardSurface.uexp" 129
"../../../Engine/Plugins/Interchange/Assets/Content/Functions/MX_TransmissionSurface.uasset" 130
"../../../Engine/Plugins/Interchange/Assets/Content/Functions/MX_TransmissionSurface.uexp" 131
"../../../Engine/Plugins/Interchange/Assets/Content/Functions/MX_OpenPBR_Translucent.uasset" 132
"../../../Engine/Plugins/Interchange/Assets/Content/Functions/MX_OpenPBR_Translucent.uexp" 133
"../../../Engine/Plugins/Interchange/Assets/Content/Functions/MX_OpenPBR_Opaque.uasset" 134
"../../../Engine/Plugins/Interchange/Assets/Content/Functions/MX_OpenPBR_Opaque.uexp" 135
"../../../Engine/Plugins/Interchange/Assets/Content/Functions/MX_MeasuredEDF.uasset" 136
"../../../Engine/Plugins/Interchange/Assets/Content/Functions/MX_MeasuredEDF.uexp" 137
"../../../Engine/Plugins/Interchange/Assets/Content/Functions/MX_GeneralizedSchlickBSDF.uasset" 138
"../../../Engine/Plugins/Interchange/Assets/Content/Functions/MX_GeneralizedSchlickBSDF.uexp" 139
"../../../Engine/Plugins/Interchange/Assets/Content/Functions/MX_Displacement.uasset" 140
"../../../Engine/Plugins/Interchange/Assets/Content/Functions/MX_Displacement.uexp" 141
"../../../Engine/Plugins/Interchange/Assets/Content/Functions/MX_DielectricBSDF.uasset" 142
"../../../Engine/Plugins/Interchange/Assets/Content/Functions/MX_DielectricBSDF.uexp" 143
"../../../Engine/Plugins/Interchange/Assets/Content/Functions/MX_ConicalEDF.uasset" 144
"../../../Engine/Plugins/Interchange/Assets/Content/Functions/MX_ConicalEDF.uexp" 145
"../../../Engine/Plugins/Interchange/Assets/Content/Functions/MX_ConductorBSDF.uasset" 146
"../../../Engine/Plugins/Interchange/Assets/Content/Functions/MX_ConductorBSDF.uexp" 147
"../../../Engine/Plugins/Interchange/Assets/Content/Functions/MX_BurleyDiffuseBSDF.uasset" 148
"../../../Engine/Plugins/Interchange/Assets/Content/Functions/MX_BurleyDiffuseBSDF.uexp" 149
"../../../Engine/Plugins/Interchange/Assets/Content/Functions/MX_AnisotropicVDF.uasset" 150
"../../../Engine/Plugins/Interchange/Assets/Content/Functions/MX_AnisotropicVDF.uexp" 151
"../../../Engine/Plugins/Interchange/Assets/Content/Functions/MX_AbsorptionVDF.uasset" 152
"../../../Engine/Plugins/Interchange/Assets/Content/Functions/MX_AbsorptionVDF.uexp" 153
"../../../Engine/Content/Functions/Engine_MaterialFunctions02/Utility/BreakOutFloat3Components.uasset" 154
"../../../Engine/Content/Functions/Engine_MaterialFunctions02/Utility/BreakOutFloat3Components.uexp" 155
"../../../Engine/Content/Functions/Engine_MaterialFunctions02/Utility/VectorLength.uasset" 156
"../../../Engine/Content/Functions/Engine_MaterialFunctions02/Utility/VectorLength.uexp" 157
"../../../Engine/Content/Functions/Engine_MaterialFunctions02/WorldPositionOffset/ObjectScale.uasset" 158
"../../../Engine/Content/Functions/Engine_MaterialFunctions02/WorldPositionOffset/ObjectScale.uexp" 159
"../../../Engine/Content/Functions/Engine_MaterialFunctions02/SafeNormalize.uasset" 160
"../../../Engine/Content/Functions/Engine_MaterialFunctions02/SafeNormalize.uexp" 161
"../../../Engine/Plugins/Editor/SpeedTreeImporter/Content/SpeedTree9/UnpackInteger3.uasset" 162
"../../../Engine/Plugins/Editor/SpeedTreeImporter/Content/SpeedTree9/UnpackInteger3.uexp" 163
"../../../Engine/Plugins/Editor/SpeedTreeImporter/Content/SpeedTree9/UnpackDirection.uasset" 164
"../../../Engine/Plugins/Editor/SpeedTreeImporter/Content/SpeedTree9/UnpackDirection.uexp" 165
"../../../Engine/Plugins/Editor/SpeedTreeImporter/Content/SpeedTree9/game_wind_noise.ubulk" 166
"../../../Engine/Plugins/Editor/SpeedTreeImporter/Content/SpeedTree9/game_wind_noise.uasset" 167
"../../../Engine/Plugins/Editor/SpeedTreeImporter/Content/SpeedTree9/game_wind_noise.uexp" 168
"../../../Engine/Plugins/Editor/SpeedTreeImporter/Content/SpeedTree9/SpeedTreeWindMotion.uasset" 169
"../../../Engine/Plugins/Editor/SpeedTreeImporter/Content/SpeedTree9/SpeedTreeWindMotion.uexp" 170
"../../../Engine/Content/Functions/Engine_MaterialFunctions02/ObjectLocalBounds.uasset" 171
"../../../Engine/Content/Functions/Engine_MaterialFunctions02/ObjectLocalBounds.uexp" 172
"../../../Engine/Content/Functions/Engine_MaterialFunctions02/UVs/BoundingBoxBased_0-1_UVW.uasset" 173
"../../../Engine/Content/Functions/Engine_MaterialFunctions02/UVs/BoundingBoxBased_0-1_UVW.uexp" 174
"../../../Engine/Plugins/Editor/SpeedTreeImporter/Content/SpeedTree9/SpeedTreeBranchMotion.uasset" 175
"../../../Engine/Plugins/Editor/SpeedTreeImporter/Content/SpeedTree9/SpeedTreeBranchMotion.uexp" 176
"../../../Engine/Plugins/Editor/SpeedTreeImporter/Content/SpeedTree9/SpeedTreeWind.uasset" 177
"../../../Engine/Plugins/Editor/SpeedTreeImporter/Content/SpeedTree9/SpeedTreeWind.uexp" 178
"../../../Engine/Plugins/Editor/SpeedTreeImporter/Content/SpeedTree9/Empty.uasset" 179
"../../../Engine/Plugins/Editor/SpeedTreeImporter/Content/SpeedTree9/Empty.uexp" 180
"../../../Engine/Plugins/Editor/SpeedTreeImporter/Content/SpeedTree9/EmptyNormal.uasset" 181
"../../../Engine/Plugins/Editor/SpeedTreeImporter/Content/SpeedTree9/EmptyNormal.uexp" 182
"../../../Engine/Plugins/Editor/SpeedTreeImporter/Content/SpeedTree9/SpeedTreeCameraFacing.uasset" 183
"../../../Engine/Plugins/Editor/SpeedTreeImporter/Content/SpeedTree9/SpeedTreeCameraFacing.uexp" 184
"../../../Engine/Plugins/Editor/SpeedTreeImporter/Content/SpeedTree9/SpeedTreeMaster.uasset" 185
"../../../Engine/Plugins/Editor/SpeedTreeImporter/Content/SpeedTree9/SpeedTreeMaster.uexp" 186
"../../../Engine/Plugins/Editor/SpeedTreeImporter/Content/SpeedTree9/SpeedTreeBillboard.uasset" 187
"../../../Engine/Plugins/Editor/SpeedTreeImporter/Content/SpeedTree9/SpeedTreeBillboard.uexp" 188
"../../../Engine/Plugins/Editor/SpeedTreeImporter/Content/SpeedTree9/SpeedTreeBillboardMaster.uasset" 189
"../../../Engine/Plugins/Editor/SpeedTreeImporter/Content/SpeedTree9/SpeedTreeBillboardMaster.uexp" 190
"../../../Engine/Plugins/Animation/ControlRig/Content/Controls/ControlRig_Wedge_solid.ubulk" 191
"../../../Engine/Plugins/Animation/ControlRig/Content/Controls/ControlRig_Wedge_solid.uasset" 192
"../../../Engine/Plugins/Animation/ControlRig/Content/Controls/ControlRig_Wedge_solid.uexp" 193
"../../../Engine/Plugins/Animation/ControlRig/Content/Controls/ControlRig_Wedge_3mm.ubulk" 194
"../../../Engine/Plugins/Animation/ControlRig/Content/Controls/ControlRig_Wedge_3mm.uasset" 195
"../../../Engine/Plugins/Animation/ControlRig/Content/Controls/ControlRig_Wedge_3mm.uexp" 196
"../../../Engine/Plugins/Animation/ControlRig/Content/Controls/ControlRig_Wedge_1mm.ubulk" 197
"../../../Engine/Plugins/Animation/ControlRig/Content/Controls/ControlRig_Wedge_1mm.uasset" 198
"../../../Engine/Plugins/Animation/ControlRig/Content/Controls/ControlRig_Wedge_1mm.uexp" 199
"../../../Engine/Plugins/Animation/ControlRig/Content/Controls/ControlRig_Triangle_solid.ubulk" 200
"../../../Engine/Plugins/Animation/ControlRig/Content/Controls/ControlRig_Triangle_solid.uasset" 201
"../../../Engine/Plugins/Animation/ControlRig/Content/Controls/ControlRig_Triangle_solid.uexp" 202
"../../../Engine/Plugins/Animation/ControlRig/Content/Controls/ControlRig_Triangle_3mm.ubulk" 203
"../../../Engine/Plugins/Animation/ControlRig/Content/Controls/ControlRig_Triangle_3mm.uasset" 204
"../../../Engine/Plugins/Animation/ControlRig/Content/Controls/ControlRig_Triangle_3mm.uexp" 205
"../../../Engine/Plugins/Animation/ControlRig/Content/Controls/ControlRig_Triangle_1mm.ubulk" 206
"../../../Engine/Plugins/Animation/ControlRig/Content/Controls/ControlRig_Triangle_1mm.uasset" 207
"../../../Engine/Plugins/Animation/ControlRig/Content/Controls/ControlRig_Triangle_1mm.uexp" 208
"../../../Engine/Plugins/Animation/ControlRig/Content/Controls/ControlRig_Star4_solid.ubulk" 209
"../../../Engine/Plugins/Animation/ControlRig/Content/Controls/ControlRig_Star4_solid.uasset" 210
"../../../Engine/Plugins/Animation/ControlRig/Content/Controls/ControlRig_Star4_solid.uexp" 211
"../../../Engine/Plugins/Animation/ControlRig/Content/Controls/ControlRig_Star4_3mm.ubulk" 212
"../../../Engine/Plugins/Animation/ControlRig/Content/Controls/ControlRig_Star4_3mm.uasset" 213
"../../../Engine/Plugins/Animation/ControlRig/Content/Controls/ControlRig_Star4_3mm.uexp" 214
"../../../Engine/Plugins/Animation/ControlRig/Content/Controls/ControlRig_Star4_1mm.ubulk" 215
"../../../Engine/Plugins/Animation/ControlRig/Content/Controls/ControlRig_Star4_1mm.uasset" 216
"../../../Engine/Plugins/Animation/ControlRig/Content/Controls/ControlRig_Star4_1mm.uexp" 217
"../../../Engine/Plugins/Animation/ControlRig/Content/Controls/ControlRig_Square_solid.ubulk" 218
"../../../Engine/Plugins/Animation/ControlRig/Content/Controls/ControlRig_Square_solid.uasset" 219
"../../../Engine/Plugins/Animation/ControlRig/Content/Controls/ControlRig_Square_solid.uexp" 220
"../../../Engine/Plugins/Animation/ControlRig/Content/Controls/ControlRig_Square_3mm.ubulk" 221
"../../../Engine/Plugins/Animation/ControlRig/Content/Controls/ControlRig_Square_3mm.uasset" 222
"../../../Engine/Plugins/Animation/ControlRig/Content/Controls/ControlRig_Square_3mm.uexp" 223
"../../../Engine/Plugins/Animation/ControlRig/Content/Controls/ControlRig_Square_1mm.ubulk" 224
"../../../Engine/Plugins/Animation/ControlRig/Content/Controls/ControlRig_Square_1mm.uasset" 225
"../../../Engine/Plugins/Animation/ControlRig/Content/Controls/ControlRig_Square_1mm.uexp" 226
"../../../Engine/Plugins/Animation/ControlRig/Content/Controls/ControlRig_Sphere_solid.ubulk" 227
"../../../Engine/Plugins/Animation/ControlRig/Content/Controls/ControlRig_Sphere_solid.uasset" 228
"../../../Engine/Plugins/Animation/ControlRig/Content/Controls/ControlRig_Sphere_solid.uexp" 229
"../../../Engine/Plugins/Animation/ControlRig/Content/Controls/ControlRig_Sphere_3mm.ubulk" 230
"../../../Engine/Plugins/Animation/ControlRig/Content/Controls/ControlRig_Sphere_3mm.uasset" 231
"../../../Engine/Plugins/Animation/ControlRig/Content/Controls/ControlRig_Sphere_3mm.uexp" 232
"../../../Engine/Plugins/Animation/ControlRig/Content/Controls/ControlRig_Sphere_1mm.ubulk" 233
"../../../Engine/Plugins/Animation/ControlRig/Content/Controls/ControlRig_Sphere_1mm.uasset" 234
"../../../Engine/Plugins/Animation/ControlRig/Content/Controls/ControlRig_Sphere_1mm.uexp" 235
"../../../Engine/Plugins/Animation/ControlRig/Content/Controls/ControlRig_RoundedTriangle_solid.ubulk" 236
"../../../Engine/Plugins/Animation/ControlRig/Content/Controls/ControlRig_RoundedTriangle_solid.uasset" 237
"../../../Engine/Plugins/Animation/ControlRig/Content/Controls/ControlRig_RoundedTriangle_solid.uexp" 238
"../../../Engine/Plugins/Animation/ControlRig/Content/Controls/ControlRig_RoundedTriangle_3mm.ubulk" 239
"../../../Engine/Plugins/Animation/ControlRig/Content/Controls/ControlRig_RoundedTriangle_3mm.uasset" 240
"../../../Engine/Plugins/Animation/ControlRig/Content/Controls/ControlRig_RoundedTriangle_3mm.uexp" 241
"../../../Engine/Plugins/Animation/ControlRig/Content/Controls/ControlRig_RoundedTriangle_1mm.ubulk" 242
"../../../Engine/Plugins/Animation/ControlRig/Content/Controls/ControlRig_RoundedTriangle_1mm.uasset" 243
"../../../Engine/Plugins/Animation/ControlRig/Content/Controls/ControlRig_RoundedTriangle_1mm.uexp" 244
"../../../Engine/Plugins/Animation/ControlRig/Content/Controls/ControlRig_RoundedSquare_solid.ubulk" 245
"../../../Engine/Plugins/Animation/ControlRig/Content/Controls/ControlRig_RoundedSquare_solid.uasset" 246
"../../../Engine/Plugins/Animation/ControlRig/Content/Controls/ControlRig_RoundedSquare_solid.uexp" 247
"../../../Engine/Plugins/Animation/ControlRig/Content/Controls/ControlRig_RoundedSquare_3mm.ubulk" 248
"../../../Engine/Plugins/Animation/ControlRig/Content/Controls/ControlRig_RoundedSquare_3mm.uasset" 249
"../../../Engine/Plugins/Animation/ControlRig/Content/Controls/ControlRig_RoundedSquare_3mm.uexp" 250
"../../../Engine/Plugins/Animation/ControlRig/Content/Controls/ControlRig_RoundedSquare_1mm.ubulk" 251
"../../../Engine/Plugins/Animation/ControlRig/Content/Controls/ControlRig_RoundedSquare_1mm.uasset" 252
"../../../Engine/Plugins/Animation/ControlRig/Content/Controls/ControlRig_RoundedSquare_1mm.uexp" 253
"../../../Engine/Plugins/Animation/ControlRig/Content/Controls/ControlRig_QuarterCircle_solid.ubulk" 254
"../../../Engine/Plugins/Animation/ControlRig/Content/Controls/ControlRig_QuarterCircle_solid.uasset" 255
"../../../Engine/Plugins/Animation/ControlRig/Content/Controls/ControlRig_QuarterCircle_solid.uexp" 256
"../../../Engine/Plugins/Animation/ControlRig/Content/Controls/ControlRig_QuarterCircle_3mm.ubulk" 257
"../../../Engine/Plugins/Animation/ControlRig/Content/Controls/ControlRig_QuarterCircle_3mm.uasset" 258
"../../../Engine/Plugins/Animation/ControlRig/Content/Controls/ControlRig_QuarterCircle_3mm.uexp" 259
"../../../Engine/Plugins/Animation/ControlRig/Content/Controls/ControlRig_QuarterCircle_1mm.ubulk" 260
"../../../Engine/Plugins/Animation/ControlRig/Content/Controls/ControlRig_QuarterCircle_1mm.uasset" 261
"../../../Engine/Plugins/Animation/ControlRig/Content/Controls/ControlRig_QuarterCircle_1mm.uexp" 262
"../../../Engine/Plugins/Animation/ControlRig/Content/Controls/ControlRig_Pyramid_solid.ubulk" 263
"../../../Engine/Plugins/Animation/ControlRig/Content/Controls/ControlRig_Pyramid_solid.uasset" 264
"../../../Engine/Plugins/Animation/ControlRig/Content/Controls/ControlRig_Pyramid_solid.uexp" 265
"../../../Engine/Plugins/Animation/ControlRig/Content/Controls/ControlRig_Pyramid_3mm.ubulk" 266
"../../../Engine/Plugins/Animation/ControlRig/Content/Controls/ControlRig_Pyramid_3mm.uasset" 267
"../../../Engine/Plugins/Animation/ControlRig/Content/Controls/ControlRig_Pyramid_3mm.uexp" 268
"../../../Engine/Plugins/Animation/ControlRig/Content/Controls/ControlRig_Pyramid_1mm.ubulk" 269
"../../../Engine/Plugins/Animation/ControlRig/Content/Controls/ControlRig_Pyramid_1mm.uasset" 270
"../../../Engine/Plugins/Animation/ControlRig/Content/Controls/ControlRig_Pyramid_1mm.uexp" 271
"../../../Engine/Plugins/Animation/ControlRig/Content/Controls/ControlRig_Octagon_solid.ubulk" 272
"../../../Engine/Plugins/Animation/ControlRig/Content/Controls/ControlRig_Octagon_solid.uasset" 273
"../../../Engine/Plugins/Animation/ControlRig/Content/Controls/ControlRig_Octagon_solid.uexp" 274
"../../../Engine/Plugins/Animation/ControlRig/Content/Controls/ControlRig_Octagon_3mm.ubulk" 275
"../../../Engine/Plugins/Animation/ControlRig/Content/Controls/ControlRig_Octagon_3mm.uasset" 276
"../../../Engine/Plugins/Animation/ControlRig/Content/Controls/ControlRig_Octagon_3mm.uexp" 277
"../../../Engine/Plugins/Animation/ControlRig/Content/Controls/ControlRig_Octagon_1mm.ubulk" 278
"../../../Engine/Plugins/Animation/ControlRig/Content/Controls/ControlRig_Octagon_1mm.uasset" 279
"../../../Engine/Plugins/Animation/ControlRig/Content/Controls/ControlRig_Octagon_1mm.uexp" 280
"../../../Engine/Plugins/Animation/ControlRig/Content/Controls/ControlRig_Hexagon_solid.ubulk" 281
"../../../Engine/Plugins/Animation/ControlRig/Content/Controls/ControlRig_Hexagon_solid.uasset" 282
"../../../Engine/Plugins/Animation/ControlRig/Content/Controls/ControlRig_Hexagon_solid.uexp" 283
"../../../Engine/Plugins/Animation/ControlRig/Content/Controls/ControlRig_Hexagon_3mm.ubulk" 284
"../../../Engine/Plugins/Animation/ControlRig/Content/Controls/ControlRig_Hexagon_3mm.uasset" 285
"../../../Engine/Plugins/Animation/ControlRig/Content/Controls/ControlRig_Hexagon_3mm.uexp" 286
"../../../Engine/Plugins/Animation/ControlRig/Content/Controls/ControlRig_Hexagon_1mm.ubulk" 287
"../../../Engine/Plugins/Animation/ControlRig/Content/Controls/ControlRig_Hexagon_1mm.uasset" 288
"../../../Engine/Plugins/Animation/ControlRig/Content/Controls/ControlRig_Hexagon_1mm.uexp" 289
"../../../Engine/Plugins/Animation/ControlRig/Content/Controls/ControlRig_HalfCircle_solid.ubulk" 290
"../../../Engine/Plugins/Animation/ControlRig/Content/Controls/ControlRig_HalfCircle_solid.uasset" 291
"../../../Engine/Plugins/Animation/ControlRig/Content/Controls/ControlRig_HalfCircle_solid.uexp" 292
"../../../Engine/Plugins/Animation/ControlRig/Content/Controls/ControlRig_HalfCircle_3mm.ubulk" 293
"../../../Engine/Plugins/Animation/ControlRig/Content/Controls/ControlRig_HalfCircle_3mm.uasset" 294
"../../../Engine/Plugins/Animation/ControlRig/Content/Controls/ControlRig_HalfCircle_3mm.uexp" 295
"../../../Engine/Plugins/Animation/ControlRig/Content/Controls/ControlRig_HalfCircle_1mm.ubulk" 296
"../../../Engine/Plugins/Animation/ControlRig/Content/Controls/ControlRig_HalfCircle_1mm.uasset" 297
"../../../Engine/Plugins/Animation/ControlRig/Content/Controls/ControlRig_HalfCircle_1mm.uexp" 298
"../../../Engine/Plugins/Animation/ControlRig/Content/Controls/ControlRig_Diamond_solid.ubulk" 299
"../../../Engine/Plugins/Animation/ControlRig/Content/Controls/ControlRig_Diamond_solid.uasset" 300
"../../../Engine/Plugins/Animation/ControlRig/Content/Controls/ControlRig_Diamond_solid.uexp" 301
"../../../Engine/Plugins/Animation/ControlRig/Content/Controls/ControlRig_Diamond_3mm.ubulk" 302
"../../../Engine/Plugins/Animation/ControlRig/Content/Controls/ControlRig_Diamond_3mm.uasset" 303
"../../../Engine/Plugins/Animation/ControlRig/Content/Controls/ControlRig_Diamond_3mm.uexp" 304
"../../../Engine/Plugins/Animation/ControlRig/Content/Controls/ControlRig_Diamond_1mm.ubulk" 305
"../../../Engine/Plugins/Animation/ControlRig/Content/Controls/ControlRig_Diamond_1mm.uasset" 306
"../../../Engine/Plugins/Animation/ControlRig/Content/Controls/ControlRig_Diamond_1mm.uexp" 307
"../../../Engine/Plugins/Animation/ControlRig/Content/Controls/ControlRig_Circle_solid.ubulk" 308
"../../../Engine/Plugins/Animation/ControlRig/Content/Controls/ControlRig_Circle_solid.uasset" 309
"../../../Engine/Plugins/Animation/ControlRig/Content/Controls/ControlRig_Circle_solid.uexp" 310
"../../../Engine/Plugins/Animation/ControlRig/Content/Controls/ControlRig_Circle_3mm.ubulk" 311
"../../../Engine/Plugins/Animation/ControlRig/Content/Controls/ControlRig_Circle_3mm.uasset" 312
"../../../Engine/Plugins/Animation/ControlRig/Content/Controls/ControlRig_Circle_3mm.uexp" 313
"../../../Engine/Plugins/Animation/ControlRig/Content/Controls/ControlRig_Circle_1mm.ubulk" 314
"../../../Engine/Plugins/Animation/ControlRig/Content/Controls/ControlRig_Circle_1mm.uasset" 315
"../../../Engine/Plugins/Animation/ControlRig/Content/Controls/ControlRig_Circle_1mm.uexp" 316
"../../../Engine/Plugins/Animation/ControlRig/Content/Controls/ControlRig_Box_solid.ubulk" 317
"../../../Engine/Plugins/Animation/ControlRig/Content/Controls/ControlRig_Box_solid.uasset" 318
"../../../Engine/Plugins/Animation/ControlRig/Content/Controls/ControlRig_Box_solid.uexp" 319
"../../../Engine/Plugins/Animation/ControlRig/Content/Controls/ControlRig_Box_3mm.ubulk" 320
"../../../Engine/Plugins/Animation/ControlRig/Content/Controls/ControlRig_Box_3mm.uasset" 321
"../../../Engine/Plugins/Animation/ControlRig/Content/Controls/ControlRig_Box_3mm.uexp" 322
"../../../Engine/Plugins/Animation/ControlRig/Content/Controls/ControlRig_Box_1mm.ubulk" 323
"../../../Engine/Plugins/Animation/ControlRig/Content/Controls/ControlRig_Box_1mm.uasset" 324
"../../../Engine/Plugins/Animation/ControlRig/Content/Controls/ControlRig_Box_1mm.uexp" 325
"../../../Engine/Plugins/Animation/ControlRig/Content/Controls/ControlRig_Arrow_solid.ubulk" 326
"../../../Engine/Plugins/Animation/ControlRig/Content/Controls/ControlRig_Arrow_solid.uasset" 327
"../../../Engine/Plugins/Animation/ControlRig/Content/Controls/ControlRig_Arrow_solid.uexp" 328
"../../../Engine/Plugins/Animation/ControlRig/Content/Controls/ControlRig_Arrow_3mm.ubulk" 329
"../../../Engine/Plugins/Animation/ControlRig/Content/Controls/ControlRig_Arrow_3mm.uasset" 330
"../../../Engine/Plugins/Animation/ControlRig/Content/Controls/ControlRig_Arrow_3mm.uexp" 331
"../../../Engine/Plugins/Animation/ControlRig/Content/Controls/ControlRig_Arrow_1mm.ubulk" 332
"../../../Engine/Plugins/Animation/ControlRig/Content/Controls/ControlRig_Arrow_1mm.uasset" 333
"../../../Engine/Plugins/Animation/ControlRig/Content/Controls/ControlRig_Arrow_1mm.uexp" 334
"../../../Engine/Plugins/Animation/ControlRig/Content/Controls/ControlRig_Arrow4_solid.ubulk" 335
"../../../Engine/Plugins/Animation/ControlRig/Content/Controls/ControlRig_Arrow4_solid.uasset" 336
"../../../Engine/Plugins/Animation/ControlRig/Content/Controls/ControlRig_Arrow4_solid.uexp" 337
"../../../Engine/Plugins/Animation/ControlRig/Content/Controls/ControlRig_Arrow4_3mm.ubulk" 338
"../../../Engine/Plugins/Animation/ControlRig/Content/Controls/ControlRig_Arrow4_3mm.uasset" 339
"../../../Engine/Plugins/Animation/ControlRig/Content/Controls/ControlRig_Arrow4_3mm.uexp" 340
"../../../Engine/Plugins/Animation/ControlRig/Content/Controls/ControlRig_Arrow4_1mm.ubulk" 341
"../../../Engine/Plugins/Animation/ControlRig/Content/Controls/ControlRig_Arrow4_1mm.uasset" 342
"../../../Engine/Plugins/Animation/ControlRig/Content/Controls/ControlRig_Arrow4_1mm.uexp" 343
"../../../Engine/Plugins/Animation/ControlRig/Content/Controls/ControlRig_Arrow2_solid.ubulk" 344
"../../../Engine/Plugins/Animation/ControlRig/Content/Controls/ControlRig_Arrow2_solid.uasset" 345
"../../../Engine/Plugins/Animation/ControlRig/Content/Controls/ControlRig_Arrow2_solid.uexp" 346
"../../../Engine/Plugins/Animation/ControlRig/Content/Controls/ControlRig_Arrow2_3mm.ubulk" 347
"../../../Engine/Plugins/Animation/ControlRig/Content/Controls/ControlRig_Arrow2_3mm.uasset" 348
"../../../Engine/Plugins/Animation/ControlRig/Content/Controls/ControlRig_Arrow2_3mm.uexp" 349
"../../../Engine/Plugins/Animation/ControlRig/Content/Controls/ControlRig_Arrow2_1mm.ubulk" 350
"../../../Engine/Plugins/Animation/ControlRig/Content/Controls/ControlRig_Arrow2_1mm.uasset" 351
"../../../Engine/Plugins/Animation/ControlRig/Content/Controls/ControlRig_Arrow2_1mm.uexp" 352
"../../../Engine/Plugins/Animation/ControlRig/Content/Controls/ControlRigXRayMaterial.uasset" 353
"../../../Engine/Plugins/Animation/ControlRig/Content/Controls/ControlRigXRayMaterial.uexp" 354
"../../../Engine/Plugins/Animation/ControlRig/Content/Controls/ControlRigGizmoMaterial.uasset" 355
"../../../Engine/Plugins/Animation/ControlRig/Content/Controls/ControlRigGizmoMaterial.uexp" 356
"../../../Engine/Content/EngineMeshes/Sphere.ubulk" 357
"../../../Engine/Content/EngineMeshes/Sphere.uasset" 358
"../../../Engine/Content/EngineMeshes/Sphere.uexp" 359
"../../../Engine/Content/EngineMaterials/RemoveSurfaceMaterial.uasset" 360
"../../../Engine/Content/EngineMaterials/RemoveSurfaceMaterial.uexp" 361
"../../../Engine/Content/EngineMaterials/PreintegratedSkinBRDF.uasset" 362
"../../../Engine/Content/EngineMaterials/PreintegratedSkinBRDF.uexp" 363
"../../../Engine/Content/EngineMaterials/DefaultCalibrationGrayscale.uasset" 364
"../../../Engine/Content/EngineMaterials/DefaultCalibrationGrayscale.uexp" 365
"../../../Engine/Content/EngineMaterials/PPM_DefaultCalibrationGrayscale.uasset" 366
"../../../Engine/Content/EngineMaterials/PPM_DefaultCalibrationGrayscale.uexp" 367
"../../../Engine/Content/EngineMaterials/DefaultCalibrationColor.uasset" 368
"../../../Engine/Content/EngineMaterials/DefaultCalibrationColor.uexp" 369
"../../../Engine/Content/EngineMaterials/PPM_DefaultCalibrationColor.uasset" 370
"../../../Engine/Content/EngineMaterials/PPM_DefaultCalibrationColor.uexp" 371
"../../../Engine/Content/EngineMaterials/PhAT_JointLimitMaterial.uasset" 372
"../../../Engine/Content/EngineMaterials/PhAT_JointLimitMaterial.uexp" 373
"../../../Engine/Content/EngineMaterials/NaniteHiddenSectionMaterial.uasset" 374
"../../../Engine/Content/EngineMaterials/NaniteHiddenSectionMaterial.uexp" 375
"../../../Engine/Content/EngineMaterials/InvalidLightmapSettings.ubulk" 376
"../../../Engine/Content/EngineMaterials/InvalidLightmapSettings.uasset" 377
"../../../Engine/Content/EngineMaterials/InvalidLightmapSettings.uexp" 378
"../../../Engine/Content/EngineMaterials/M_InvalidLightmapSettings.uasset" 379
"../../../Engine/Content/EngineMaterials/M_InvalidLightmapSettings.uexp" 380
"../../../Engine/Content/EngineMaterials/MiniFont.uasset" 381
"../../../Engine/Content/EngineMaterials/MiniFont.uexp" 382
"../../../Engine/Content/EngineMaterials/GizmoMaterial.uasset" 383
"../../../Engine/Content/EngineMaterials/GizmoMaterial.uexp" 384
"../../../Engine/Content/EngineMaterials/BaseFlattenDiffuseMap_VT.uasset" 385
"../../../Engine/Content/EngineMaterials/BaseFlattenDiffuseMap_VT.uexp" 386
"../../../Engine/Content/EngineMaterials/BaseFlattenEmissiveMap_VT.uasset" 387
"../../../Engine/Content/EngineMaterials/BaseFlattenEmissiveMap_VT.uexp" 388
"../../../Engine/Content/EngineMaterials/BaseFlattenGrayscaleMap_VT.uasset" 389
"../../../Engine/Content/EngineMaterials/BaseFlattenGrayscaleMap_VT.uexp" 390
"../../../Engine/Content/EngineMaterials/BaseFlattenLinearColor_VT.uasset" 391
"../../../Engine/Content/EngineMaterials/BaseFlattenLinearColor_VT.uexp" 392
"../../../Engine/Content/EngineMaterials/BaseFlattenNormalMap_VT.uasset" 393
"../../../Engine/Content/EngineMaterials/BaseFlattenNormalMap_VT.uexp" 394
"../../../Engine/Content/EngineMaterials/Black_1x1_EXR_Texture_VT.uasset" 395
"../../../Engine/Content/EngineMaterials/Black_1x1_EXR_Texture_VT.uexp" 396
"../../../Engine/Content/EngineMaterials/FlattenMaterial_WS_Normal_VT.uasset" 397
"../../../Engine/Content/EngineMaterials/FlattenMaterial_WS_Normal_VT.uexp" 398
"../../../Engine/Content/EngineMaterials/FlattenMaterial_VT.uasset" 399
"../../../Engine/Content/EngineMaterials/FlattenMaterial_VT.uexp" 400
"../../../Engine/Content/EngineMaterials/BaseFlattenDiffuseMap.uasset" 401
"../../../Engine/Content/EngineMaterials/BaseFlattenDiffuseMap.uexp" 402
"../../../Engine/Content/EngineMaterials/BaseFlattenEmissiveMap.uasset" 403
"../../../Engine/Content/EngineMaterials/BaseFlattenEmissiveMap.uexp" 404
"../../../Engine/Content/EngineMaterials/BaseFlattenGrayscaleMap.uasset" 405
"../../../Engine/Content/EngineMaterials/BaseFlattenGrayscaleMap.uexp" 406
"../../../Engine/Content/EngineMaterials/BaseFlattenNormalMap.uasset" 407
"../../../Engine/Content/EngineMaterials/BaseFlattenNormalMap.uexp" 408
"../../../Engine/Content/EngineMaterials/BaseFlattenLinearColor.uasset" 409
"../../../Engine/Content/EngineMaterials/BaseFlattenLinearColor.uexp" 410
"../../../Engine/Content/Functions/Engine_MaterialFunctions02/PivotPainter2/Black_1x1_EXR_Texture.uasset" 411
"../../../Engine/Content/Functions/Engine_MaterialFunctions02/PivotPainter2/Black_1x1_EXR_Texture.uexp" 412
"../../../Engine/Content/EngineMaterials/FlattenMaterial.uasset" 413
"../../../Engine/Content/EngineMaterials/FlattenMaterial.uexp" 414
"../../../Engine/Content/EngineMaterials/FastBlueNoise_vec2_128x128x64.uasset" 415
"../../../Engine/Content/EngineMaterials/FastBlueNoise_vec2_128x128x64.uexp" 416
"../../../Engine/Content/EngineMaterials/FastBlueNoise_scalar_128x128x8.uasset" 417
"../../../Engine/Content/EngineMaterials/FastBlueNoise_scalar_128x128x8.uexp" 418
"../../../Engine/Content/EngineMaterials/FastBlueNoise_scalar_128x128x64.uasset" 419
"../../../Engine/Content/EngineMaterials/FastBlueNoise_scalar_128x128x64.uexp" 420
"../../../Engine/Content/EngineMaterials/DefaultWhiteGrid_Low.uasset" 421
"../../../Engine/Content/EngineMaterials/DefaultWhiteGrid_Low.uexp" 422
"../../../Engine/Content/EngineMaterials/EmissiveMeshMaterial.uasset" 423
"../../../Engine/Content/EngineMaterials/EmissiveMeshMaterial.uexp" 424
"../../../Engine/Content/EngineMaterials/DefaultWhiteGrid.ubulk" 425
"../../../Engine/Content/EngineMaterials/DefaultWhiteGrid.uasset" 426
"../../../Engine/Content/EngineMaterials/DefaultWhiteGrid.uexp" 427
"../../../Engine/Content/EngineFonts/RobotoDistanceField.uasset" 428
"../../../Engine/Content/EngineFonts/RobotoDistanceField.uexp" 429
"../../../Engine/Content/EngineMaterials/DefaultTextMaterialOpaque.uasset" 430
"../../../Engine/Content/EngineMaterials/DefaultTextMaterialOpaque.uexp" 431
"../../../Engine/Content/Functions/Engine_MaterialFunctions02/Utility/BreakOutFloat2Components.uasset" 432
"../../../Engine/Content/Functions/Engine_MaterialFunctions02/Utility/BreakOutFloat2Components.uexp" 433
"../../../Engine/Content/EngineMaterials/DefaultDiffuse.ubulk" 434
"../../../Engine/Content/EngineMaterials/DefaultDiffuse.uasset" 435
"../../../Engine/Content/EngineMaterials/DefaultDiffuse.uexp" 436
"../../../Engine/Content/EngineMaterials/DefaultPostProcessMaterial.uasset" 437
"../../../Engine/Content/EngineMaterials/DefaultPostProcessMaterial.uexp" 438
"../../../Engine/Content/EngineMaterials/DefaultLightFunctionMaterial.uasset" 439
"../../../Engine/Content/EngineMaterials/DefaultLightFunctionMaterial.uexp" 440
"../../../Engine/Content/EngineMaterials/DefaultDeferredDecalMaterial.uasset" 441
"../../../Engine/Content/EngineMaterials/DefaultDeferredDecalMaterial.uexp" 442
"../../../Engine/Content/EngineMaterials/DefaultBokeh.uasset" 443
"../../../Engine/Content/EngineMaterials/DefaultBokeh.uexp" 444
"../../../Engine/Content/EngineMaterials/DefaultBloomKernel.uasset" 445
"../../../Engine/Content/EngineMaterials/DefaultBloomKernel.uexp" 446
"../../../Engine/Content/Functions/Engine_MaterialFunctions02/Utility/CameraDirectionVector.uasset" 447
"../../../Engine/Content/Functions/Engine_MaterialFunctions02/Utility/CameraDirectionVector.uexp" 448
"../../../Engine/Content/EngineDebugMaterials/VolumeToRender.uasset" 449
"../../../Engine/Content/EngineDebugMaterials/VolumeToRender.uexp" 450
"../../../Engine/Content/EngineDebugMaterials/M_VolumeRenderSphereTracePP.uasset" 451
"../../../Engine/Content/EngineDebugMaterials/M_VolumeRenderSphereTracePP.uexp" 452
"../../../Engine/Content/EngineDebugMaterials/M_SimpleUnlitTranslucent.uasset" 453
"../../../Engine/Content/EngineDebugMaterials/M_SimpleUnlitTranslucent.uexp" 454
"../../../Engine/Content/EngineDebugMaterials/DebugMeshMaterial.uasset" 455
"../../../Engine/Content/EngineDebugMaterials/DebugMeshMaterial.uexp" 456
"../../../Engine/Content/EngineDebugMaterials/DebugEditorMaterial.uasset" 457
"../../../Engine/Content/EngineDebugMaterials/DebugEditorMaterial.uexp" 458
"../../../Engine/Content/EngineDamageTypes/DmgTypeBP_Environmental.uasset" 459
"../../../Engine/Content/EngineDamageTypes/DmgTypeBP_Environmental.uexp" 460
"../../../Engine/Content/EditorResources/S_TriggerSphere.uasset" 461
"../../../Engine/Content/EditorResources/S_TriggerSphere.uexp" 462
"../../../Engine/Content/EditorResources/S_TriggerCapsule.uasset" 463
"../../../Engine/Content/EditorResources/S_TriggerCapsule.uexp" 464
"../../../Engine/Content/EditorResources/S_TriggerBox.uasset" 465
"../../../Engine/Content/EditorResources/S_TriggerBox.uexp" 466
"../../../Engine/Content/EditorResources/S_Terrain.ubulk" 467
"../../../Engine/Content/EditorResources/S_Terrain.uasset" 468
"../../../Engine/Content/EditorResources/S_Terrain.uexp" 469
"../../../Engine/Content/EditorResources/S_Solver.ubulk" 470
"../../../Engine/Content/EditorResources/S_Solver.uasset" 471
"../../../Engine/Content/EditorResources/S_Solver.uexp" 472
"../../../Engine/Content/EditorResources/BSPVertex.uasset" 473
"../../../Engine/Content/EditorResources/BSPVertex.uexp" 474
"../../../Engine/Content/EditorMaterials/PreviewShadowIndicator.ubulk" 475
"../../../Engine/Content/EditorMaterials/PreviewShadowIndicator.uasset" 476
"../../../Engine/Content/EditorMaterials/PreviewShadowIndicator.uexp" 477
"../../../Engine/Content/EditorMaterials/PreviewShadowIndicatorMaterial.uasset" 478
"../../../Engine/Content/EditorMaterials/PreviewShadowIndicatorMaterial.uexp" 479
"../../../Engine/Content/EditorMaterials/PhAT_UnselectedMaterial.uasset" 480
"../../../Engine/Content/EditorMaterials/PhAT_UnselectedMaterial.uexp" 481
"../../../Engine/Content/EditorMaterials/PhAT_NoCollisionMaterial.uasset" 482
"../../../Engine/Content/EditorMaterials/PhAT_NoCollisionMaterial.uexp" 483
"../../../Engine/Content/EditorLandscapeResources/SplineEditorMeshMat.uasset" 484
"../../../Engine/Content/EditorLandscapeResources/SplineEditorMeshMat.uexp" 485
"../../../Engine/Content/EditorLandscapeResources/SplineEditorMesh.ubulk" 486
"../../../Engine/Content/EditorLandscapeResources/SplineEditorMesh.uasset" 487
"../../../Engine/Content/EditorLandscapeResources/SplineEditorMesh.uexp" 488
"../../../Engine/Content/EditorLandscapeResources/WhiteSquareTexture.uasset" 489
"../../../Engine/Content/EditorLandscapeResources/WhiteSquareTexture.uexp" 490
"../../../Engine/Content/EditorLandscapeResources/LayerVisMaterial.uasset" 491
"../../../Engine/Content/EditorLandscapeResources/LayerVisMaterial.uexp" 492
"../../../Engine/Content/Functions/Engine_MaterialFunctions02/WorldPositionOffset/LocalPosition.uasset" 493
"../../../Engine/Content/Functions/Engine_MaterialFunctions02/WorldPositionOffset/LocalPosition.uexp" 494
"../../../Engine/Content/Functions/Engine_MaterialFunctions01/Texturing/ScaleUVsByCenter.uasset" 495
"../../../Engine/Content/Functions/Engine_MaterialFunctions01/Texturing/ScaleUVsByCenter.uexp" 496
"../../../Engine/Content/Functions/Engine_MaterialFunctions01/Texturing/TextureCropping.uasset" 497
"../../../Engine/Content/Functions/Engine_MaterialFunctions01/Texturing/TextureCropping.uexp" 498
"../../../Engine/Content/Functions/Engine_MaterialFunctions02/ExampleContent/DebugNumberStrip.uasset" 499
"../../../Engine/Content/Functions/Engine_MaterialFunctions02/ExampleContent/DebugNumberStrip.uexp" 500
"../../../Engine/Content/Functions/Engine_MaterialFunctions01/Debug/DebugIntValues.uasset" 501
"../../../Engine/Content/Functions/Engine_MaterialFunctions01/Debug/DebugIntValues.uexp" 502
"../../../Engine/Content/EditorLandscapeResources/LandscapeLayerUsageMaterial.uasset" 503
"../../../Engine/Content/EditorLandscapeResources/LandscapeLayerUsageMaterial.uexp" 504
"../../../Engine/Content/EditorLandscapeResources/DefaultAlphaTexture.uasset" 505
"../../../Engine/Content/EditorLandscapeResources/DefaultAlphaTexture.uexp" 506
"../../../Engine/Content/EditorLandscapeResources/LandscapeDirtyMaterial.uasset" 507
"../../../Engine/Content/EditorLandscapeResources/LandscapeDirtyMaterial.uexp" 508
"../../../Engine/Content/EditorMaterials/ParticleSystems/PSysThumbnail_OOD.ubulk" 509
"../../../Engine/Content/EditorMaterials/ParticleSystems/PSysThumbnail_OOD.uasset" 510
"../../../Engine/Content/EditorMaterials/ParticleSystems/PSysThumbnail_OOD.uexp" 511
"../../../Engine/Content/EditorMaterials/ParticleSystems/PSysThumbnail_NoImage.ubulk" 512
"../../../Engine/Content/EditorMaterials/ParticleSystems/PSysThumbnail_NoImage.uasset" 513
"../../../Engine/Content/EditorMaterials/ParticleSystems/PSysThumbnail_NoImage.uexp" 514
"../../../Engine/Content/EditorMaterials/Dataflow/DataflowVertexMaterial.uasset" 515
"../../../Engine/Content/EditorMaterials/Dataflow/DataflowVertexMaterial.uexp" 516
"../../../Engine/Content/EditorMaterials/Dataflow/DataflowTwoSidedVertexMaterial.uasset" 517
"../../../Engine/Content/EditorMaterials/Dataflow/DataflowTwoSidedVertexMaterial.uexp" 518
"../../../Engine/Content/VREditor/TransformGizmo/Xray.uasset" 519
"../../../Engine/Content/VREditor/TransformGizmo/Xray.uexp" 520
"../../../Engine/Content/VREditor/TransformGizmo/Main.uasset" 521
"../../../Engine/Content/VREditor/TransformGizmo/Main.uexp" 522
"../../../Engine/Content/VREditor/TransformGizmo/SM_Sequencer_Node.ubulk" 523
"../../../Engine/Content/VREditor/TransformGizmo/SM_Sequencer_Node.uasset" 524
"../../../Engine/Content/VREditor/TransformGizmo/SM_Sequencer_Node.uexp" 525
"../../../Engine/Content/VREditor/LaserPointer/VR_LaserPower_01.ubulk" 526
"../../../Engine/Content/VREditor/LaserPointer/VR_LaserPower_01.uasset" 527
"../../../Engine/Content/VREditor/LaserPointer/VR_LaserPower_01.uexp" 528
"../../../Engine/Content/VREditor/TransformGizmo/TransformGizmoMaterial.uasset" 529
"../../../Engine/Content/VREditor/TransformGizmo/TransformGizmoMaterial.uexp" 530
"../../../Engine/Content/VREditor/TransformGizmo/TranslucentTransformGizmoMaterial.uasset" 531
"../../../Engine/Content/VREditor/TransformGizmo/TranslucentTransformGizmoMaterial.uexp" 532
"../../../Engine/Content/VREditor/TransformGizmo/BoundingBoxEdge.ubulk" 533
"../../../Engine/Content/VREditor/TransformGizmo/BoundingBoxEdge.uasset" 534
"../../../Engine/Content/VREditor/TransformGizmo/BoundingBoxEdge.uexp" 535
"../../../Engine/Content/VREditor/TransformGizmo/BoundingBoxCorner.ubulk" 536
"../../../Engine/Content/VREditor/TransformGizmo/BoundingBoxCorner.uasset" 537
"../../../Engine/Content/VREditor/TransformGizmo/BoundingBoxCorner.uexp" 538
"../../../Engine/Content/EngineResources/FilmGrains/Marcie_Grain_v3_128_M2_000.uasset" 539
"../../../Engine/Content/EngineResources/FilmGrains/Marcie_Grain_v3_128_M2_000.uexp" 540
"../../../Engine/Content/EngineResources/Development/ZenLogo_64.uasset" 541
"../../../Engine/Content/EngineResources/Development/ZenLogo_64.uexp" 542
"../../../Engine/Content/EngineMaterials/LTC/Sheen_LTC.uasset" 543
"../../../Engine/Content/EngineMaterials/LTC/Sheen_LTC.uexp" 544
"../../../Engine/Content/EngineMaterials/LTC/GGX_LTCMat.uasset" 545
"../../../Engine/Content/EngineMaterials/LTC/GGX_LTCMat.uexp" 546
"../../../Engine/Content/EngineMaterials/LTC/GGX_LTCAmp.uasset" 547
"../../../Engine/Content/EngineMaterials/LTC/GGX_LTCAmp.uexp" 548
"../../../Engine/Content/EngineMaterials/EnergyConservation/Sheen_Energy.uasset" 549
"../../../Engine/Content/EngineMaterials/EnergyConservation/Sheen_Energy.uexp" 550
"../../../Engine/Content/EngineMaterials/EnergyConservation/SheenLegacy_Energy.uasset" 551
"../../../Engine/Content/EngineMaterials/EnergyConservation/SheenLegacy_Energy.uexp" 552
"../../../Engine/Content/EngineMaterials/EnergyConservation/GGX_TransmissionEnergyArray.uasset" 553
"../../../Engine/Content/EngineMaterials/EnergyConservation/GGX_TransmissionEnergyArray.uexp" 554
"../../../Engine/Content/EngineMaterials/EnergyConservation/GGX_ReflectionEnergy.uasset" 555
"../../../Engine/Content/EngineMaterials/EnergyConservation/GGX_ReflectionEnergy.uexp" 556
"../../../Engine/Content/EngineMaterials/EnergyConservation/Diffuse_Energy.uasset" 557
"../../../Engine/Content/EngineMaterials/EnergyConservation/Diffuse_Energy.uexp" 558
"../../../Engine/Content/EditorResources/SequenceRecorder/RecordingIndicator.uasset" 559
"../../../Engine/Content/EditorResources/SequenceRecorder/RecordingIndicator.uexp" 560
"../../../Engine/Content/EditorResources/SequenceRecorder/Countdown.uasset" 561
"../../../Engine/Content/EditorResources/SequenceRecorder/Countdown.uexp" 562
"../../../Engine/Content/EditorMaterials/Camera/CineMat.uasset" 563
"../../../Engine/Content/EditorMaterials/Camera/CineMat.uexp" 564
"../../../Engine/Content/EditorMaterials/Camera/MI_CineMat_Rig.uasset" 565
"../../../Engine/Content/EditorMaterials/Camera/MI_CineMat_Rig.uexp" 566
"../../../Engine/Content/EditorMeshes/Camera/SM_RailRig_Track.ubulk" 567
"../../../Engine/Content/EditorMeshes/Camera/SM_RailRig_Track.uasset" 568
"../../../Engine/Content/EditorMeshes/Camera/SM_RailRig_Track.uexp" 569
"../../../Engine/Content/EditorMeshes/Camera/SM_RailRig_Mount.ubulk" 570
"../../../Engine/Content/EditorMeshes/Camera/SM_RailRig_Mount.uasset" 571
"../../../Engine/Content/EditorMeshes/Camera/SM_RailRig_Mount.uexp" 572
"../../../Engine/Content/EditorMeshes/Camera/SM_CraneRig_Mount.ubulk" 573
"../../../Engine/Content/EditorMeshes/Camera/SM_CraneRig_Mount.uasset" 574
"../../../Engine/Content/EditorMeshes/Camera/SM_CraneRig_Mount.uexp" 575
"../../../Engine/Content/EditorMeshes/Camera/SM_CraneRig_Body.ubulk" 576
"../../../Engine/Content/EditorMeshes/Camera/SM_CraneRig_Body.uasset" 577
"../../../Engine/Content/EditorMeshes/Camera/SM_CraneRig_Body.uexp" 578
"../../../Engine/Content/EditorMeshes/Camera/SM_CraneRig_Base.ubulk" 579
"../../../Engine/Content/EditorMeshes/Camera/SM_CraneRig_Base.uasset" 580
"../../../Engine/Content/EditorMeshes/Camera/SM_CraneRig_Base.uexp" 581
"../../../Engine/Content/EditorMeshes/Camera/SM_CraneRig_Arm.ubulk" 582
"../../../Engine/Content/EditorMeshes/Camera/SM_CraneRig_Arm.uasset" 583
"../../../Engine/Content/EditorMeshes/Camera/SM_CraneRig_Arm.uexp" 584
"../../../Engine/Content/Functions/Engine_MaterialFunctions01/Shading/PowerToRoughness.uasset" 585
"../../../Engine/Content/Functions/Engine_MaterialFunctions01/Shading/PowerToRoughness.uexp" 586
"../../../Engine/Content/Functions/Engine_MaterialFunctions01/Shading/ConvertFromDiffSpec.uasset" 587
"../../../Engine/Content/Functions/Engine_MaterialFunctions01/Shading/ConvertFromDiffSpec.uexp" 588
"../../../Engine/Content/EngineMaterials/Substrate/Glints2/AGlintTex2dArray2.uasset" 589
"../../../Engine/Content/EngineMaterials/Substrate/Glints2/AGlintTex2dArray2.uexp" 590
"../../../Engine/Content/EngineMaterials/Substrate/GLints/AGlintTex2dArray.uasset" 591
"../../../Engine/Content/EngineMaterials/Substrate/GLints/AGlintTex2dArray.uexp" 592
"../../../Engine/Content/ArtTools/RenderToTexture/Meshes/S_1_Unit_Plane.ubulk" 593
"../../../Engine/Content/ArtTools/RenderToTexture/Meshes/S_1_Unit_Plane.uasset" 594
"../../../Engine/Content/ArtTools/RenderToTexture/Meshes/S_1_Unit_Plane.uexp" 595
"../../../Engine/Content/EngineResources/DefaultTextureCube.uasset" 596
"../../../Engine/Content/EngineResources/DefaultTextureCube.uexp" 597
"../../../Engine/Content/EngineResources/DefaultVolumeTexture2D.uasset" 598
"../../../Engine/Content/EngineResources/DefaultVolumeTexture2D.uexp" 599
"../../../Engine/Content/EngineResources/DefaultVolumeTexture.uasset" 600
"../../../Engine/Content/EngineResources/DefaultVolumeTexture.uexp" 601
"../../../Engine/Content/EngineMaterials/Substrate/Volume/SubstrateSimpleVolumeEnvLUT3D.uasset" 602
"../../../Engine/Content/EngineMaterials/Substrate/Volume/SubstrateSimpleVolumeEnvLUT3D.uexp" 603
"../../../Engine/Content/EngineMaterials/Substrate/Volume/SubstrateSimpleVolumeLUT3D.uasset" 604
"../../../Engine/Content/EngineMaterials/Substrate/Volume/SubstrateSimpleVolumeLUT3D.uexp" 605
"../../../Engine/Content/Functions/Engine_MaterialFunctions02/Math/Transform3x3Matrix.uasset" 606
"../../../Engine/Content/Functions/Engine_MaterialFunctions02/Math/Transform3x3Matrix.uexp" 607
"../../../Engine/Plugins/Interchange/Assets/Content/Utilities/New_LUT.uasset" 608
"../../../Engine/Plugins/Interchange/Assets/Content/Utilities/New_LUT.uexp" 609
"../../../Engine/Content/Functions/Engine_MaterialFunctions03/Math/RemapValueRange.uasset" 610
"../../../Engine/Content/Functions/Engine_MaterialFunctions03/Math/RemapValueRange.uexp" 611
"../../../Engine/Plugins/Interchange/Assets/Content/Functions/MF_Iridescence.uasset" 612
"../../../Engine/Plugins/Interchange/Assets/Content/Functions/MF_Iridescence.uexp" 613
"../../../Engine/Plugins/Interchange/Assets/Content/gltf/Textures/T_White_srgb.uasset" 614
"../../../Engine/Plugins/Interchange/Assets/Content/gltf/Textures/T_White_srgb.uexp" 615
"../../../Engine/Plugins/Interchange/Assets/Content/gltf/MaterialFunctions/MF_BaseColor.uasset" 616
"../../../Engine/Plugins/Interchange/Assets/Content/gltf/MaterialFunctions/MF_BaseColor.uexp" 617
"../../../Engine/Plugins/Interchange/Assets/Content/gltf/MaterialFunctions/MF_RotateV2.uasset" 618
"../../../Engine/Plugins/Interchange/Assets/Content/gltf/MaterialFunctions/MF_RotateV2.uexp" 619
"../../../Engine/Plugins/Interchange/Assets/Content/gltf/MaterialFunctions/MF_TransformUVs.uasset" 620
"../../../Engine/Plugins/Interchange/Assets/Content/gltf/MaterialFunctions/MF_TransformUVs.uexp" 621
"../../../Engine/Plugins/Interchange/Assets/Content/gltf/MaterialFunctions/MF_IOR.uasset" 622
"../../../Engine/Plugins/Interchange/Assets/Content/gltf/MaterialFunctions/MF_IOR.uexp" 623
"../../../Engine/Plugins/Interchange/Assets/Content/gltf/MaterialFunctions/MF_Iridescence.uasset" 624
"../../../Engine/Plugins/Interchange/Assets/Content/gltf/MaterialFunctions/MF_Iridescence.uexp" 625
"../../../Engine/Plugins/Interchange/Assets/Content/gltf/Textures/T_White_Linear.uasset" 626
"../../../Engine/Plugins/Interchange/Assets/Content/gltf/Textures/T_White_Linear.uexp" 627
"../../../Engine/Plugins/Interchange/Assets/Content/gltf/MaterialFunctions/MF_MetallicRoughness.uasset" 628
"../../../Engine/Plugins/Interchange/Assets/Content/gltf/MaterialFunctions/MF_MetallicRoughness.uexp" 629
"../../../Engine/Plugins/Interchange/Assets/Content/gltf/MaterialFunctions/MF_RotateNormals_TS.uasset" 630
"../../../Engine/Plugins/Interchange/Assets/Content/gltf/MaterialFunctions/MF_RotateNormals_TS.uexp" 631
"../../../Engine/Plugins/Interchange/Assets/Content/gltf/MaterialFunctions/MF_ScaleNormal.uasset" 632
"../../../Engine/Plugins/Interchange/Assets/Content/gltf/MaterialFunctions/MF_ScaleNormal.uexp" 633
"../../../Engine/Plugins/Interchange/Assets/Content/gltf/Textures/T_Generic_N.uasset" 634
"../../../Engine/Plugins/Interchange/Assets/Content/gltf/Textures/T_Generic_N.uexp" 635
"../../../Engine/Plugins/Interchange/Assets/Content/gltf/MaterialFunctions/MF_Normals.uasset" 636
"../../../Engine/Plugins/Interchange/Assets/Content/gltf/MaterialFunctions/MF_Normals.uexp" 637
"../../../Engine/Plugins/Interchange/Assets/Content/gltf/MaterialFunctions/MF_Occlusion.uasset" 638
"../../../Engine/Plugins/Interchange/Assets/Content/gltf/MaterialFunctions/MF_Occlusion.uexp" 639
"../../../Engine/Plugins/Interchange/Assets/Content/gltf/MaterialFunctions/MF_Specular.uasset" 640
"../../../Engine/Plugins/Interchange/Assets/Content/gltf/MaterialFunctions/MF_Specular.uexp" 641
"../../../Engine/Plugins/Interchange/Assets/Content/gltf/Textures/T_Anisotropy_Direction_Linear.uasset" 642
"../../../Engine/Plugins/Interchange/Assets/Content/gltf/Textures/T_Anisotropy_Direction_Linear.uexp" 643
"../../../Engine/Plugins/Interchange/Assets/Content/gltf/MaterialFunctions/MF_SpecularAnisotropy.uasset" 644
"../../../Engine/Plugins/Interchange/Assets/Content/gltf/MaterialFunctions/MF_SpecularAnisotropy.uexp" 645
"../../../Engine/Plugins/Interchange/Assets/Content/gltf/MaterialFunctions/MF_Emissive.uasset" 646
"../../../Engine/Plugins/Interchange/Assets/Content/gltf/MaterialFunctions/MF_Emissive.uexp" 647
"../../../Engine/Content/Functions/Engine_MaterialFunctions01/Texturing/FlattenNormal.uasset" 648
"../../../Engine/Content/Functions/Engine_MaterialFunctions01/Texturing/FlattenNormal.uexp" 649
"../../../Engine/Plugins/Interchange/Assets/Content/gltf/MaterialFunctions/MF_Clearcoat.uasset" 650
"../../../Engine/Plugins/Interchange/Assets/Content/gltf/MaterialFunctions/MF_Clearcoat.uexp" 651
"../../../Engine/Plugins/Interchange/Assets/Content/gltf/MaterialBodies/MF_ClearCoat_Body.uasset" 652
"../../../Engine/Plugins/Interchange/Assets/Content/gltf/MaterialBodies/MF_ClearCoat_Body.uexp" 653
"../../../Engine/Plugins/Interchange/Assets/Content/gltf/M_ClearCoat.uasset" 654
"../../../Engine/Plugins/Interchange/Assets/Content/gltf/M_ClearCoat.uexp" 655
"../../../Engine/Plugins/Interchange/Assets/Content/gltf/MaterialInstances/MI_ClearCoat_Blend.uasset" 656
"../../../Engine/Plugins/Interchange/Assets/Content/gltf/MaterialInstances/MI_ClearCoat_Blend.uexp" 657
"../../../Engine/Plugins/Interchange/Assets/Content/gltf/MaterialInstances/MI_ClearCoat_Blend_DS.uasset" 658
"../../../Engine/Plugins/Interchange/Assets/Content/gltf/MaterialInstances/MI_ClearCoat_Blend_DS.uexp" 659
"../../../Engine/Plugins/Interchange/Assets/Content/gltf/MaterialInstances/MI_ClearCoat_Mask.uasset" 660
"../../../Engine/Plugins/Interchange/Assets/Content/gltf/MaterialInstances/MI_ClearCoat_Mask.uexp" 661
"../../../Engine/Plugins/Interchange/Assets/Content/gltf/MaterialInstances/MI_ClearCoat_Mask_DS.uasset" 662
"../../../Engine/Plugins/Interchange/Assets/Content/gltf/MaterialInstances/MI_ClearCoat_Mask_DS.uexp" 663
"../../../Engine/Plugins/Interchange/Assets/Content/gltf/MaterialInstances/MI_ClearCoat_Opaque.uasset" 664
"../../../Engine/Plugins/Interchange/Assets/Content/gltf/MaterialInstances/MI_ClearCoat_Opaque.uexp" 665
"../../../Engine/Plugins/Interchange/Assets/Content/gltf/MaterialInstances/MI_ClearCoat_Opaque_DS.uasset" 666
"../../../Engine/Plugins/Interchange/Assets/Content/gltf/MaterialInstances/MI_ClearCoat_Opaque_DS.uexp" 667
"../../../Engine/Plugins/Interchange/Assets/Content/gltf/MaterialBodies/MF_Default_Body.uasset" 668
"../../../Engine/Plugins/Interchange/Assets/Content/gltf/MaterialBodies/MF_Default_Body.uexp" 669
"../../../Engine/Plugins/Interchange/Assets/Content/gltf/M_Default.uasset" 670
"../../../Engine/Plugins/Interchange/Assets/Content/gltf/M_Default.uexp" 671
"../../../Engine/Plugins/Interchange/Assets/Content/gltf/MaterialInstances/MI_Default_Blend.uasset" 672
"../../../Engine/Plugins/Interchange/Assets/Content/gltf/MaterialInstances/MI_Default_Blend.uexp" 673
"../../../Engine/Plugins/Interchange/Assets/Content/gltf/MaterialInstances/MI_Default_Blend_DS.uasset" 674
"../../../Engine/Plugins/Interchange/Assets/Content/gltf/MaterialInstances/MI_Default_Blend_DS.uexp" 675
"../../../Engine/Plugins/Interchange/Assets/Content/gltf/MaterialInstances/MI_Default_Mask.uasset" 676
"../../../Engine/Plugins/Interchange/Assets/Content/gltf/MaterialInstances/MI_Default_Mask.uexp" 677
"../../../Engine/Plugins/Interchange/Assets/Content/gltf/MaterialInstances/MI_Default_Mask_DS.uasset" 678
"../../../Engine/Plugins/Interchange/Assets/Content/gltf/MaterialInstances/MI_Default_Mask_DS.uexp" 679
"../../../Engine/Plugins/Interchange/Assets/Content/gltf/MaterialInstances/MI_Default_Opaque.uasset" 680
"../../../Engine/Plugins/Interchange/Assets/Content/gltf/MaterialInstances/MI_Default_Opaque.uexp" 681
"../../../Engine/Plugins/Interchange/Assets/Content/gltf/MaterialInstances/MI_Default_Opaque_DS.uasset" 682
"../../../Engine/Plugins/Interchange/Assets/Content/gltf/MaterialInstances/MI_Default_Opaque_DS.uexp" 683
"../../../Engine/Plugins/Interchange/Assets/Content/gltf/MaterialFunctions/MF_Sheen.uasset" 684
"../../../Engine/Plugins/Interchange/Assets/Content/gltf/MaterialFunctions/MF_Sheen.uexp" 685
"../../../Engine/Plugins/Interchange/Assets/Content/gltf/MaterialBodies/MF_Sheen_Body.uasset" 686
"../../../Engine/Plugins/Interchange/Assets/Content/gltf/MaterialBodies/MF_Sheen_Body.uexp" 687
"../../../Engine/Plugins/Interchange/Assets/Content/gltf/M_Sheen.uasset" 688
"../../../Engine/Plugins/Interchange/Assets/Content/gltf/M_Sheen.uexp" 689
"../../../Engine/Plugins/Interchange/Assets/Content/gltf/MaterialInstances/MI_Sheen_Blend.uasset" 690
"../../../Engine/Plugins/Interchange/Assets/Content/gltf/MaterialInstances/MI_Sheen_Blend.uexp" 691
"../../../Engine/Plugins/Interchange/Assets/Content/gltf/MaterialInstances/MI_Sheen_Blend_DS.uasset" 692
"../../../Engine/Plugins/Interchange/Assets/Content/gltf/MaterialInstances/MI_Sheen_Blend_DS.uexp" 693
"../../../Engine/Plugins/Interchange/Assets/Content/gltf/MaterialInstances/MI_Sheen_Mask.uasset" 694
"../../../Engine/Plugins/Interchange/Assets/Content/gltf/MaterialInstances/MI_Sheen_Mask.uexp" 695
"../../../Engine/Plugins/Interchange/Assets/Content/gltf/MaterialInstances/MI_Sheen_Mask_DS.uasset" 696
"../../../Engine/Plugins/Interchange/Assets/Content/gltf/MaterialInstances/MI_Sheen_Mask_DS.uexp" 697
"../../../Engine/Plugins/Interchange/Assets/Content/gltf/MaterialInstances/MI_Sheen_Opaque.uasset" 698
"../../../Engine/Plugins/Interchange/Assets/Content/gltf/MaterialInstances/MI_Sheen_Opaque.uexp" 699
"../../../Engine/Plugins/Interchange/Assets/Content/gltf/MaterialInstances/MI_Sheen_Opaque_DS.uasset" 700
"../../../Engine/Plugins/Interchange/Assets/Content/gltf/MaterialInstances/MI_Sheen_Opaque_DS.uexp" 701
"../../../Engine/Content/Functions/Engine_MaterialFunctions02/Math/AddComponents.uasset" 702
"../../../Engine/Content/Functions/Engine_MaterialFunctions02/Math/AddComponents.uexp" 703
"../../../Engine/Plugins/Interchange/Assets/Content/gltf/MaterialFunctions/MF_DiffuseSpecGloss.uasset" 704
"../../../Engine/Plugins/Interchange/Assets/Content/gltf/MaterialFunctions/MF_DiffuseSpecGloss.uexp" 705
"../../../Engine/Plugins/Interchange/Assets/Content/gltf/MaterialFunctions/MF_MaxComponentValue.uasset" 706
"../../../Engine/Plugins/Interchange/Assets/Content/gltf/MaterialFunctions/MF_MaxComponentValue.uexp" 707
"../../../Engine/Plugins/Interchange/Assets/Content/gltf/MaterialFunctions/MF_PerceivedBrightness.uasset" 708
"../../../Engine/Plugins/Interchange/Assets/Content/gltf/MaterialFunctions/MF_PerceivedBrightness.uexp" 709
"../../../Engine/Plugins/Interchange/Assets/Content/gltf/MaterialFunctions/MF_SpecGlossToMetalRoughness.uasset" 710
"../../../Engine/Plugins/Interchange/Assets/Content/gltf/MaterialFunctions/MF_SpecGlossToMetalRoughness.uexp" 711
"../../../Engine/Plugins/Interchange/Assets/Content/gltf/MaterialBodies/MF_SpecularGlossiness_Body.uasset" 712
"../../../Engine/Plugins/Interchange/Assets/Content/gltf/MaterialBodies/MF_SpecularGlossiness_Body.uexp" 713
"../../../Engine/Plugins/Interchange/Assets/Content/gltf/M_SpecularGlossiness.uasset" 714
"../../../Engine/Plugins/Interchange/Assets/Content/gltf/M_SpecularGlossiness.uexp" 715
"../../../Engine/Plugins/Interchange/Assets/Content/gltf/MaterialInstances/MI_SpecularGlossiness_Blend.uasset" 716
"../../../Engine/Plugins/Interchange/Assets/Content/gltf/MaterialInstances/MI_SpecularGlossiness_Blend.uexp" 717
"../../../Engine/Plugins/Interchange/Assets/Content/gltf/MaterialInstances/MI_SpecularGlossiness_Blend_DS.uasset" 718
"../../../Engine/Plugins/Interchange/Assets/Content/gltf/MaterialInstances/MI_SpecularGlossiness_Blend_DS.uexp" 719
"../../../Engine/Plugins/Interchange/Assets/Content/gltf/MaterialInstances/MI_SpecularGlossiness_Mask.uasset" 720
"../../../Engine/Plugins/Interchange/Assets/Content/gltf/MaterialInstances/MI_SpecularGlossiness_Mask.uexp" 721
"../../../Engine/Plugins/Interchange/Assets/Content/gltf/MaterialInstances/MI_SpecularGlossiness_Mask_DS.uasset" 722
"../../../Engine/Plugins/Interchange/Assets/Content/gltf/MaterialInstances/MI_SpecularGlossiness_Mask_DS.uexp" 723
"../../../Engine/Plugins/Interchange/Assets/Content/gltf/MaterialInstances/MI_SpecularGlossiness_Opaque.uasset" 724
"../../../Engine/Plugins/Interchange/Assets/Content/gltf/MaterialInstances/MI_SpecularGlossiness_Opaque.uexp" 725
"../../../Engine/Plugins/Interchange/Assets/Content/gltf/MaterialInstances/MI_SpecularGlossiness_Opaque_DS.uasset" 726
"../../../Engine/Plugins/Interchange/Assets/Content/gltf/MaterialInstances/MI_SpecularGlossiness_Opaque_DS.uexp" 727
"../../../Engine/Content/EngineMaterials/Good64x64TilingNoiseHighFreq.uasset" 728
"../../../Engine/Content/EngineMaterials/Good64x64TilingNoiseHighFreq.uexp" 729
"../../../Engine/Content/Functions/Engine_MaterialFunctions02/Texturing/ScreenAlignedPixelToPixelUVs.uasset" 730
"../../../Engine/Content/Functions/Engine_MaterialFunctions02/Texturing/ScreenAlignedPixelToPixelUVs.uexp" 731
"../../../Engine/Plugins/Interchange/Assets/Content/gltf/MaterialFunctions/MF_Fresnel_DS.uasset" 732
"../../../Engine/Plugins/Interchange/Assets/Content/gltf/MaterialFunctions/MF_Fresnel_DS.uexp" 733
"../../../Engine/Plugins/Interchange/Assets/Content/gltf/MaterialFunctions/MF_Temporal_Blur.uasset" 734
"../../../Engine/Plugins/Interchange/Assets/Content/gltf/MaterialFunctions/MF_Temporal_Blur.uexp" 735
"../../../Engine/Plugins/Interchange/Assets/Content/gltf/MaterialFunctions/MF_Transmission.uasset" 736
"../../../Engine/Plugins/Interchange/Assets/Content/gltf/MaterialFunctions/MF_Transmission.uexp" 737
"../../../Engine/Plugins/Interchange/Assets/Content/gltf/MaterialBodies/MF_Transmission_Body.uasset" 738
"../../../Engine/Plugins/Interchange/Assets/Content/gltf/MaterialBodies/MF_Transmission_Body.uexp" 739
"../../../Engine/Plugins/Interchange/Assets/Content/gltf/M_Transmission.uasset" 740
"../../../Engine/Plugins/Interchange/Assets/Content/gltf/M_Transmission.uexp" 741
"../../../Engine/Plugins/Interchange/Assets/Content/gltf/MaterialInstances/MI_Transmission.uasset" 742
"../../../Engine/Plugins/Interchange/Assets/Content/gltf/MaterialInstances/MI_Transmission.uexp" 743
"../../../Engine/Plugins/Interchange/Assets/Content/gltf/MaterialInstances/MI_Transmission_DS.uasset" 744
"../../../Engine/Plugins/Interchange/Assets/Content/gltf/MaterialInstances/MI_Transmission_DS.uexp" 745
"../../../Engine/Plugins/Interchange/Assets/Content/gltf/MaterialBodies/MF_Unlit_Body.uasset" 746
"../../../Engine/Plugins/Interchange/Assets/Content/gltf/MaterialBodies/MF_Unlit_Body.uexp" 747
"../../../Engine/Plugins/Interchange/Assets/Content/gltf/M_Unlit.uasset" 748
"../../../Engine/Plugins/Interchange/Assets/Content/gltf/M_Unlit.uexp" 749
"../../../Engine/Plugins/Interchange/Assets/Content/gltf/MaterialInstances/MI_Unlit_Blend.uasset" 750
"../../../Engine/Plugins/Interchange/Assets/Content/gltf/MaterialInstances/MI_Unlit_Blend.uexp" 751
"../../../Engine/Plugins/Interchange/Assets/Content/gltf/MaterialInstances/MI_Unlit_Blend_DS.uasset" 752
"../../../Engine/Plugins/Interchange/Assets/Content/gltf/MaterialInstances/MI_Unlit_Blend_DS.uexp" 753
"../../../Engine/Plugins/Interchange/Assets/Content/gltf/MaterialInstances/MI_Unlit_Mask.uasset" 754
"../../../Engine/Plugins/Interchange/Assets/Content/gltf/MaterialInstances/MI_Unlit_Mask.uexp" 755
"../../../Engine/Plugins/Interchange/Assets/Content/gltf/MaterialInstances/MI_Unlit_Mask_DS.uasset" 756
"../../../Engine/Plugins/Interchange/Assets/Content/gltf/MaterialInstances/MI_Unlit_Mask_DS.uexp" 757
"../../../Engine/Plugins/Interchange/Assets/Content/gltf/MaterialInstances/MI_Unlit_Opaque.uasset" 758
"../../../Engine/Plugins/Interchange/Assets/Content/gltf/MaterialInstances/MI_Unlit_Opaque.uexp" 759
"../../../Engine/Plugins/Interchange/Assets/Content/gltf/MaterialInstances/MI_Unlit_Opaque_DS.uasset" 760
"../../../Engine/Plugins/Interchange/Assets/Content/gltf/MaterialInstances/MI_Unlit_Opaque_DS.uexp" 761
"../../../Engine/Content/EditorLandscapeResources/ColorMaskBrushMaterial.uasset" 762
"../../../Engine/Content/EditorLandscapeResources/ColorMaskBrushMaterial.uexp" 763
"../../../Engine/Content/EditorLandscapeResources/ColorMaskBrushMaterial_MaskedRegion.uasset" 764
"../../../Engine/Content/EditorLandscapeResources/ColorMaskBrushMaterial_MaskedRegion.uexp" 765
"../../../Engine/Content/Functions/Engine_MaterialFunctions03/Math/WithinRangeFloat2.uasset" 766
"../../../Engine/Content/Functions/Engine_MaterialFunctions03/Math/WithinRangeFloat2.uexp" 767
"../../../Engine/Content/EditorLandscapeResources/MaskBrushMaterial.uasset" 768
"../../../Engine/Content/EditorLandscapeResources/MaskBrushMaterial.uexp" 769
"../../../Engine/Content/EditorLandscapeResources/MaskBrushMaterial_MaskedRegion.uasset" 770
"../../../Engine/Content/EditorLandscapeResources/MaskBrushMaterial_MaskedRegion.uexp" 771
"../../../Engine/Content/EditorLandscapeResources/SelectBrushMaterial.uasset" 772
"../../../Engine/Content/EditorLandscapeResources/SelectBrushMaterial.uexp" 773
"../../../Engine/Content/EditorLandscapeResources/SelectBrushMaterial_Selected.uasset" 774
"../../../Engine/Content/EditorLandscapeResources/SelectBrushMaterial_Selected.uexp" 775
"../../../Engine/Content/EditorLandscapeResources/SelectBrushMaterial_SelectedRegion.uasset" 776
"../../../Engine/Content/EditorLandscapeResources/SelectBrushMaterial_SelectedRegion.uexp" 777
"../../../Engine/Content/EngineMaterials/WeightMapPlaceholderTexture.uasset" 778
"../../../Engine/Content/EngineMaterials/WeightMapPlaceholderTexture.uexp" 779
"../../../Engine/Content/EngineMaterials/WeightMapArrayPlaceholderTexture.uasset" 780
"../../../Engine/Content/EngineMaterials/WeightMapArrayPlaceholderTexture.uexp" 781
"../../../Engine/Content/EngineResources/WhiteSquareTexture.uasset" 782
"../../../Engine/Content/EngineResources/WhiteSquareTexture.uexp" 783
"../../../Engine/Content/EngineMaterials/Widget3DPassThrough.uasset" 784
"../../../Engine/Content/EngineMaterials/Widget3DPassThrough.uexp" 785
"../../../Engine/Content/EngineMaterials/Widget3DPassThrough_Masked.uasset" 786
"../../../Engine/Content/EngineMaterials/Widget3DPassThrough_Masked.uexp" 787
"../../../Engine/Content/EngineMaterials/Widget3DPassThrough_Opaque.uasset" 788
"../../../Engine/Content/EngineMaterials/Widget3DPassThrough_Opaque.uexp" 789
"../../../Engine/Content/EngineMaterials/Widget3DPassThrough_Masked_OneSided.uasset" 790
"../../../Engine/Content/EngineMaterials/Widget3DPassThrough_Masked_OneSided.uexp" 791
"../../../Engine/Content/EngineMaterials/Widget3DPassThrough_Opaque_OneSided.uasset" 792
"../../../Engine/Content/EngineMaterials/Widget3DPassThrough_Opaque_OneSided.uexp" 793
"../../../Engine/Content/EngineMaterials/Widget3DPassThrough_Translucent.uasset" 794
"../../../Engine/Content/EngineMaterials/Widget3DPassThrough_Translucent.uexp" 795
"../../../Engine/Content/EngineMaterials/Widget3DPassThrough_Translucent_OneSided.uasset" 796
"../../../Engine/Content/EngineMaterials/Widget3DPassThrough_Translucent_OneSided.uexp" 797
"../../../Engine/Plugins/Runtime/AR/ARUtilities/Content/Materials/M_PassthroughCamera.uasset" 798
"../../../Engine/Plugins/Runtime/AR/ARUtilities/Content/Materials/M_PassthroughCamera.uexp" 799
"../../../Engine/Plugins/Runtime/AR/ARUtilities/Content/Materials/MI_PassthroughCameraExternalTexture.uasset" 800
"../../../Engine/Plugins/Runtime/AR/ARUtilities/Content/Materials/MI_PassthroughCameraExternalTexture.uexp" 801
"../../../Engine/Plugins/Runtime/AR/ARUtilities/Content/Materials/M_ScreenSpacePassthroughCamera.uasset" 802
"../../../Engine/Plugins/Runtime/AR/ARUtilities/Content/Materials/M_ScreenSpacePassthroughCamera.uexp" 803
"../../../Engine/Plugins/Runtime/AR/ARUtilities/Content/Materials/MI_ScreenSpacePassthroughCameraExternalTexture.uasset" 804
"../../../Engine/Plugins/Runtime/AR/ARUtilities/Content/Materials/MI_ScreenSpacePassthroughCameraExternalTexture.uexp" 805
"../../../Engine/Plugins/2D/Paper2D/Content/DefaultSpriteMaterial.uasset" 806
"../../../Engine/Plugins/2D/Paper2D/Content/DefaultSpriteMaterial.uexp" 807
"../../../Engine/Plugins/2D/Paper2D/Content/MaskedUnlitSpriteMaterial.uasset" 808
"../../../Engine/Plugins/2D/Paper2D/Content/MaskedUnlitSpriteMaterial.uexp" 809
"../../../Engine/Plugins/2D/Paper2D/Content/OpaqueUnlitSpriteMaterial.uasset" 810
"../../../Engine/Plugins/2D/Paper2D/Content/OpaqueUnlitSpriteMaterial.uexp" 811
"../../../Engine/Plugins/Runtime/AR/AppleAR/AppleARKit/Content/M_OcclusionOverlay.uasset" 812
"../../../Engine/Plugins/Runtime/AR/AppleAR/AppleARKit/Content/M_OcclusionOverlay.uexp" 813
"../../../Engine/Plugins/Runtime/AR/AppleAR/AppleARKit/Content/MI_DepthOcclusionOverlay.uasset" 814
"../../../Engine/Plugins/Runtime/AR/AppleAR/AppleARKit/Content/MI_DepthOcclusionOverlay.uexp" 815
"../../../Engine/Plugins/Runtime/AR/AppleAR/AppleARKit/Content/MI_MatteOcclusionOverlay.uasset" 816
"../../../Engine/Plugins/Runtime/AR/AppleAR/AppleARKit/Content/MI_MatteOcclusionOverlay.uexp" 817
"../../../Engine/Content/EngineResources/LandscapeVisibilityLayerInfo.uasset" 818
"../../../Engine/Content/EngineResources/LandscapeVisibilityLayerInfo.uexp" 819
"../../../Engine/Content/VREditor/Sounds/UI/Drop_Item_From_ContentBrowser.ubulk" 820
"../../../Engine/Content/VREditor/Sounds/UI/Drop_Item_From_ContentBrowser.uasset" 821
"../../../Engine/Content/VREditor/Sounds/UI/Drop_Item_From_ContentBrowser.uexp" 822
"../../../Engine/Content/VREditor/TransformGizmo/TransformGizmoMaterial_Inst.uasset" 823
"../../../Engine/Content/VREditor/TransformGizmo/TransformGizmoMaterial_Inst.uexp" 824
"../../../Engine/Content/VREditor/TransformGizmo/TranslucentTransformGizmoMaterial_Inst.uasset" 825
"../../../Engine/Content/VREditor/TransformGizmo/TranslucentTransformGizmoMaterial_Inst.uexp" 826
"../../../Engine/Content/Functions/Engine_MaterialFunctions02/SplitComponents.uasset" 827
"../../../Engine/Content/Functions/Engine_MaterialFunctions02/SplitComponents.uexp" 828
"../../../Engine/Content/VREditor/SnapGrid/SnapGridMaterial.uasset" 829
"../../../Engine/Content/VREditor/SnapGrid/SnapGridMaterial.uexp" 830
"../../../Engine/Content/VREditor/SnapGrid/SnapGridPlaneMesh.ubulk" 831
"../../../Engine/Content/VREditor/SnapGrid/SnapGridPlaneMesh.uasset" 832
"../../../Engine/Content/VREditor/SnapGrid/SnapGridPlaneMesh.uexp" 833
"../../../Engine/Content/VREditor/Sounds/UI/Gizmo_Handle_Clicked.ubulk" 834
"../../../Engine/Content/VREditor/Sounds/UI/Gizmo_Handle_Clicked.uasset" 835
"../../../Engine/Content/VREditor/Sounds/UI/Gizmo_Handle_Clicked.uexp" 836
"../../../Engine/Content/VREditor/Sounds/UI/Object_PickUp.ubulk" 837
"../../../Engine/Content/VREditor/Sounds/UI/Object_PickUp.uasset" 838
"../../../Engine/Content/VREditor/Sounds/UI/Object_PickUp.uexp" 839
"../../../Engine/Content/VREditor/Sounds/UI/Object_Snaps_To_Another_Actor.ubulk" 840
"../../../Engine/Content/VREditor/Sounds/UI/Object_Snaps_To_Another_Actor.uasset" 841
"../../../Engine/Content/VREditor/Sounds/UI/Object_Snaps_To_Another_Actor.uexp" 842
"../../../Engine/Content/VREditor/Sounds/UI/Object_Snaps_To_Grid.ubulk" 843
"../../../Engine/Content/VREditor/Sounds/UI/Object_Snaps_To_Grid.uasset" 844
"../../../Engine/Content/VREditor/Sounds/UI/Object_Snaps_To_Grid.uexp" 845
"../../../Engine/Content/VREditor/Sounds/UI/Scaling_Down.ubulk" 846
"../../../Engine/Content/VREditor/Sounds/UI/Scaling_Down.uasset" 847
"../../../Engine/Content/VREditor/Sounds/UI/Scaling_Down.uexp" 848
"../../../Engine/Content/VREditor/Sounds/UI/Scaling_Up.ubulk" 849
"../../../Engine/Content/VREditor/Sounds/UI/Scaling_Up.uasset" 850
"../../../Engine/Content/VREditor/Sounds/UI/Scaling_Up.uexp" 851
"../../../Engine/Content/VREditor/Sounds/UI/Selection_Changes.ubulk" 852
"../../../Engine/Content/VREditor/Sounds/UI/Selection_Changes.uasset" 853
"../../../Engine/Content/VREditor/Sounds/UI/Selection_Changes.uexp" 854
"../../../Engine/Content/VREditor/TransformGizmo/PlaneTranslationHandle.ubulk" 855
"../../../Engine/Content/VREditor/TransformGizmo/PlaneTranslationHandle.uasset" 856
"../../../Engine/Content/VREditor/TransformGizmo/PlaneTranslationHandle.uexp" 857
"../../../Engine/Content/VREditor/TransformGizmo/RotationHandleFull.ubulk" 858
"../../../Engine/Content/VREditor/TransformGizmo/RotationHandleFull.uasset" 859
"../../../Engine/Content/VREditor/TransformGizmo/RotationHandleFull.uexp" 860
"../../../Engine/Content/VREditor/TransformGizmo/RotationHandleIndicator.ubulk" 861
"../../../Engine/Content/VREditor/TransformGizmo/RotationHandleIndicator.uasset" 862
"../../../Engine/Content/VREditor/TransformGizmo/RotationHandleIndicator.uexp" 863
"../../../Engine/Content/VREditor/TransformGizmo/RotationHandleQuarter.ubulk" 864
"../../../Engine/Content/VREditor/TransformGizmo/RotationHandleQuarter.uasset" 865
"../../../Engine/Content/VREditor/TransformGizmo/RotationHandleQuarter.uexp" 866
"../../../Engine/Content/VREditor/TransformGizmo/StartRotationHandleIndicator.ubulk" 867
"../../../Engine/Content/VREditor/TransformGizmo/StartRotationHandleIndicator.uasset" 868
"../../../Engine/Content/VREditor/TransformGizmo/StartRotationHandleIndicator.uexp" 869
"../../../Engine/Content/VREditor/TransformGizmo/TransformGizmoFreeRotation.ubulk" 870
"../../../Engine/Content/VREditor/TransformGizmo/TransformGizmoFreeRotation.uasset" 871
"../../../Engine/Content/VREditor/TransformGizmo/TransformGizmoFreeRotation.uexp" 872
"../../../Engine/Content/VREditor/TransformGizmo/TranslateArrowHandle.ubulk" 873
"../../../Engine/Content/VREditor/TransformGizmo/TranslateArrowHandle.uasset" 874
"../../../Engine/Content/VREditor/TransformGizmo/TranslateArrowHandle.uexp" 875
"../../../Engine/Content/VREditor/TransformGizmo/UniformScaleHandle.ubulk" 876
"../../../Engine/Content/VREditor/TransformGizmo/UniformScaleHandle.uasset" 877
"../../../Engine/Content/VREditor/TransformGizmo/UniformScaleHandle.uexp" 878
"../../../Engine/Plugins/Animation/DeformerGraph/Content/DeformerFunctions/DG_Function_LinearBlendSkin_Morph_Cloth.uasset" 879
"../../../Engine/Plugins/Animation/DeformerGraph/Content/DeformerFunctions/DG_Function_LinearBlendSkin_Morph_Cloth.uexp" 880
"../../../Engine/Plugins/Animation/DeformerGraph/Content/Deformers/DG_LinearBlendSkin_Morph_Cloth.uasset" 881
"../../../Engine/Plugins/Animation/DeformerGraph/Content/Deformers/DG_LinearBlendSkin_Morph_Cloth.uexp" 882
"../../../Engine/Plugins/Animation/DeformerGraph/Content/DeformerFunctions/DG_Function_ComputeNormalsTangents.uasset" 883
"../../../Engine/Plugins/Animation/DeformerGraph/Content/DeformerFunctions/DG_Function_ComputeNormalsTangents.uexp" 884
"../../../Engine/Plugins/Animation/DeformerGraph/Content/DeformerFunctions/DG_Function_LinearBlendSkin_Morph_Cloth_PositionOnly.uasset" 885
"../../../Engine/Plugins/Animation/DeformerGraph/Content/DeformerFunctions/DG_Function_LinearBlendSkin_Morph_Cloth_PositionOnly.uexp" 886
"../../../Engine/Plugins/Animation/DeformerGraph/Content/Deformers/DG_LinearBlendSkin_Morph_Cloth_RecomputeNormals.uasset" 887
"../../../Engine/Plugins/Animation/DeformerGraph/Content/Deformers/DG_LinearBlendSkin_Morph_Cloth_RecomputeNormals.uexp" 888
"../../../Engine/Content/Maps/Entry_BuiltData.uasset" 889
"../../../Engine/Content/Maps/Entry_BuiltData.uexp" 890
"../../../Engine/Content/Maps/Entry.uexp" 891
"../../../Engine/Content/Maps/Entry.umap" 892
"../../../Engine/Content/MapTemplates/Sky/DaylightAmbientCubemap.uasset" 893
"../../../Engine/Content/MapTemplates/Sky/DaylightAmbientCubemap.uexp" 894
"D:/ARProject/EscapeRoom/Content/HandheldAR/Blueprints/GameFramework/ENUM_GestureType.uasset" 895
"D:/ARProject/EscapeRoom/Content/HandheldAR/Blueprints/GameFramework/ENUM_GestureType.uexp" 896
"D:/ARProject/EscapeRoom/Content/HandheldAR/D_ARSessionConfig.uasset" 897
"D:/ARProject/EscapeRoom/Content/HandheldAR/D_ARSessionConfig.uexp" 898
"../../../Engine/Content/BasicShapes/Plane.ubulk" 899
"../../../Engine/Content/BasicShapes/Plane.uasset" 900
"../../../Engine/Content/BasicShapes/Plane.uexp" 901
"D:/ARProject/EscapeRoom/Content/HandheldAR/Blueprints/Placeable/Materials/MF_DistanceFalloff.uasset" 902
"D:/ARProject/EscapeRoom/Content/HandheldAR/Blueprints/Placeable/Materials/MF_DistanceFalloff.uexp" 903
"D:/ARProject/EscapeRoom/Content/HandheldAR/Blueprints/Placeable/Materials/M_Plane_Plain.uasset" 904
"D:/ARProject/EscapeRoom/Content/HandheldAR/Blueprints/Placeable/Materials/M_Plane_Plain.uexp" 905
"../../../Engine/Content/Functions/Engine_MaterialFunctions01/Gradient/LinearGradient.uasset" 906
"../../../Engine/Content/Functions/Engine_MaterialFunctions01/Gradient/LinearGradient.uexp" 907
"../../../Engine/Content/Functions/Engine_MaterialFunctions01/ImageAdjustment/CheapContrast.uasset" 908
"../../../Engine/Content/Functions/Engine_MaterialFunctions01/ImageAdjustment/CheapContrast.uexp" 909
"D:/ARProject/EscapeRoom/Content/HandheldAR/Blueprints/Placeable/Materials/MF_CircularScan.uasset" 910
"D:/ARProject/EscapeRoom/Content/HandheldAR/Blueprints/Placeable/Materials/MF_CircularScan.uexp" 911
"D:/ARProject/EscapeRoom/Content/HandheldAR/Blueprints/Placeable/Materials/M_Plane_Fallback.uasset" 912
"D:/ARProject/EscapeRoom/Content/HandheldAR/Blueprints/Placeable/Materials/M_Plane_Fallback.uexp" 913
"D:/ARProject/EscapeRoom/Content/HandheldAR/Blueprints/Placeable/Materials/M_Plane_02.uasset" 914
"D:/ARProject/EscapeRoom/Content/HandheldAR/Blueprints/Placeable/Materials/M_Plane_02.uexp" 915
"D:/ARProject/EscapeRoom/Content/HandheldAR/Blueprints/Placeable/Materials/M_Plane_01.uasset" 916
"D:/ARProject/EscapeRoom/Content/HandheldAR/Blueprints/Placeable/Materials/M_Plane_01.uexp" 917
"D:/ARProject/EscapeRoom/Content/HandheldAR/Blueprints/Placeable/BP_Plane.uasset" 918
"D:/ARProject/EscapeRoom/Content/HandheldAR/Blueprints/Placeable/BP_Plane.uexp" 919
"D:/ARProject/EscapeRoom/Content/HandheldAR/Blueprints/UI/Styles/ENUM_UIStyle.uasset" 920
"D:/ARProject/EscapeRoom/Content/HandheldAR/Blueprints/UI/Styles/ENUM_UIStyle.uexp" 921
"../../../Engine/Content/EngineFonts/Faces/RobotoBold.uexp" 922
"../../../Engine/Content/EngineFonts/Faces/RobotoBold.uasset" 923
"../../../Engine/Content/EngineFonts/Faces/RobotoBold.ufont" 924
"../../../Engine/Content/EngineFonts/Faces/RobotoBoldItalic.uexp" 925
"../../../Engine/Content/EngineFonts/Faces/RobotoBoldItalic.uasset" 926
"../../../Engine/Content/EngineFonts/Faces/RobotoBoldItalic.ufont" 927
"../../../Engine/Content/EngineFonts/Faces/RobotoItalic.uexp" 928
"../../../Engine/Content/EngineFonts/Faces/RobotoItalic.uasset" 929
"../../../Engine/Content/EngineFonts/Faces/RobotoItalic.ufont" 930
"../../../Engine/Content/EngineFonts/Faces/RobotoLight.uexp" 931
"../../../Engine/Content/EngineFonts/Faces/RobotoLight.uasset" 932
"../../../Engine/Content/EngineFonts/Faces/RobotoLight.ufont" 933
"../../../Engine/Content/EngineFonts/Faces/RobotoRegular.uexp" 934
"../../../Engine/Content/EngineFonts/Faces/RobotoRegular.uasset" 935
"../../../Engine/Content/EngineFonts/Faces/RobotoRegular.ufont" 936
"../../../Engine/Content/EngineFonts/Roboto.uasset" 937
"../../../Engine/Content/EngineFonts/Roboto.uexp" 938
"D:/ARProject/EscapeRoom/Content/HandheldAR/Blueprints/UI/Styles/Enum_FontTypeFace.uasset" 939
"D:/ARProject/EscapeRoom/Content/HandheldAR/Blueprints/UI/Styles/Enum_FontTypeFace.uexp" 940
"D:/ARProject/EscapeRoom/Content/HandheldAR/Blueprints/UI/Styles/Enum_IconType.uasset" 941
"D:/ARProject/EscapeRoom/Content/HandheldAR/Blueprints/UI/Styles/Enum_IconType.uexp" 942
"D:/ARProject/EscapeRoom/Content/HandheldAR/Blueprints/UI/Styles/Struct_Icon.uasset" 943
"D:/ARProject/EscapeRoom/Content/HandheldAR/Blueprints/UI/Styles/Struct_Icon.uexp" 944
"D:/ARProject/EscapeRoom/Content/HandheldAR/Blueprints/UI/Icons/T_Icon_Info_01.uasset" 945
"D:/ARProject/EscapeRoom/Content/HandheldAR/Blueprints/UI/Icons/T_Icon_Info_01.uexp" 946
"D:/ARProject/EscapeRoom/Content/HandheldAR/Blueprints/UI/Materials/M_ButtonUI.uasset" 947
"D:/ARProject/EscapeRoom/Content/HandheldAR/Blueprints/UI/Materials/M_ButtonUI.uexp" 948
"D:/ARProject/EscapeRoom/Content/HandheldAR/Blueprints/UI/Icons/T_Icon_ON.uasset" 949
"D:/ARProject/EscapeRoom/Content/HandheldAR/Blueprints/UI/Icons/T_Icon_ON.uexp" 950
"D:/ARProject/EscapeRoom/Content/HandheldAR/Blueprints/UI/Icons/T_Icon_OFF.uasset" 951
"D:/ARProject/EscapeRoom/Content/HandheldAR/Blueprints/UI/Icons/T_Icon_OFF.uexp" 952
"D:/ARProject/EscapeRoom/Content/HandheldAR/Blueprints/UI/UI_ToggleButton.uasset" 953
"D:/ARProject/EscapeRoom/Content/HandheldAR/Blueprints/UI/UI_ToggleButton.uexp" 954
"D:/ARProject/EscapeRoom/Content/HandheldAR/Blueprints/UI/Icons/T_Capsule_Right.uasset" 955
"D:/ARProject/EscapeRoom/Content/HandheldAR/Blueprints/UI/Icons/T_Capsule_Right.uexp" 956
"D:/ARProject/EscapeRoom/Content/HandheldAR/Blueprints/UI/Icons/T_Capsule_Left.uasset" 957
"D:/ARProject/EscapeRoom/Content/HandheldAR/Blueprints/UI/Icons/T_Capsule_Left.uexp" 958
"D:/ARProject/EscapeRoom/Content/HandheldAR/Blueprints/UI/Icons/T_Capsule_Center.uasset" 959
"D:/ARProject/EscapeRoom/Content/HandheldAR/Blueprints/UI/Icons/T_Capsule_Center.uexp" 960
"D:/ARProject/EscapeRoom/Content/HandheldAR/Blueprints/UI/UI_CapsuleButton.uasset" 961
"D:/ARProject/EscapeRoom/Content/HandheldAR/Blueprints/UI/UI_CapsuleButton.uexp" 962
"D:/ARProject/EscapeRoom/Content/HandheldAR/Blueprints/UI/Styles/Struct_Style.uasset" 963
"D:/ARProject/EscapeRoom/Content/HandheldAR/Blueprints/UI/Styles/Struct_Style.uexp" 964
"D:/ARProject/EscapeRoom/Content/HandheldAR/Blueprints/UI/Icons/T_Icon_Right.uasset" 965
"D:/ARProject/EscapeRoom/Content/HandheldAR/Blueprints/UI/Icons/T_Icon_Right.uexp" 966
"D:/ARProject/EscapeRoom/Content/HandheldAR/Blueprints/UI/Icons/T_Icon_Left.uasset" 967
"D:/ARProject/EscapeRoom/Content/HandheldAR/Blueprints/UI/Icons/T_Icon_Left.uexp" 968
"D:/ARProject/EscapeRoom/Content/HandheldAR/Blueprints/UI/Icons/T_Icon_Close.uasset" 969
"D:/ARProject/EscapeRoom/Content/HandheldAR/Blueprints/UI/Icons/T_Icon_Close.uexp" 970
"D:/ARProject/EscapeRoom/Content/HandheldAR/Blueprints/UI/Icons/T_Icon_Snapshot_01.uasset" 971
"D:/ARProject/EscapeRoom/Content/HandheldAR/Blueprints/UI/Icons/T_Icon_Snapshot_01.uexp" 972
"D:/ARProject/EscapeRoom/Content/HandheldAR/Blueprints/UI/Icons/T_Icon_Reset_01.uasset" 973
"D:/ARProject/EscapeRoom/Content/HandheldAR/Blueprints/UI/Icons/T_Icon_Reset_01.uexp" 974
"D:/ARProject/EscapeRoom/Content/HandheldAR/Blueprints/UI/Icons/T_Icon_Options_01.uasset" 975
"D:/ARProject/EscapeRoom/Content/HandheldAR/Blueprints/UI/Icons/T_Icon_Options_01.uexp" 976
"D:/ARProject/EscapeRoom/Content/HandheldAR/Blueprints/UI/Icons/T_Icon_Snapshot_02.uasset" 977
"D:/ARProject/EscapeRoom/Content/HandheldAR/Blueprints/UI/Icons/T_Icon_Snapshot_02.uexp" 978
"D:/ARProject/EscapeRoom/Content/HandheldAR/Blueprints/UI/Icons/T_Icon_Right_02.uasset" 979
"D:/ARProject/EscapeRoom/Content/HandheldAR/Blueprints/UI/Icons/T_Icon_Right_02.uexp" 980
"D:/ARProject/EscapeRoom/Content/HandheldAR/Blueprints/UI/Icons/T_Icon_Reset_02.uasset" 981
"D:/ARProject/EscapeRoom/Content/HandheldAR/Blueprints/UI/Icons/T_Icon_Reset_02.uexp" 982
"D:/ARProject/EscapeRoom/Content/HandheldAR/Blueprints/UI/Icons/T_Icon_Options_02.uasset" 983
"D:/ARProject/EscapeRoom/Content/HandheldAR/Blueprints/UI/Icons/T_Icon_Options_02.uexp" 984
"D:/ARProject/EscapeRoom/Content/HandheldAR/Blueprints/UI/Icons/T_Icon_ON_02.uasset" 985
"D:/ARProject/EscapeRoom/Content/HandheldAR/Blueprints/UI/Icons/T_Icon_ON_02.uexp" 986
"D:/ARProject/EscapeRoom/Content/HandheldAR/Blueprints/UI/Icons/T_Icon_OFF_02.uasset" 987
"D:/ARProject/EscapeRoom/Content/HandheldAR/Blueprints/UI/Icons/T_Icon_OFF_02.uexp" 988
"D:/ARProject/EscapeRoom/Content/HandheldAR/Blueprints/UI/Icons/T_Icon_Left_02.uasset" 989
"D:/ARProject/EscapeRoom/Content/HandheldAR/Blueprints/UI/Icons/T_Icon_Left_02.uexp" 990
"D:/ARProject/EscapeRoom/Content/HandheldAR/Blueprints/UI/Icons/T_Icon_Info_02.uasset" 991
"D:/ARProject/EscapeRoom/Content/HandheldAR/Blueprints/UI/Icons/T_Icon_Info_02.uexp" 992
"D:/ARProject/EscapeRoom/Content/HandheldAR/Blueprints/UI/Icons/T_Icon_Close_02.uasset" 993
"D:/ARProject/EscapeRoom/Content/HandheldAR/Blueprints/UI/Icons/T_Icon_Close_02.uexp" 994
"D:/ARProject/EscapeRoom/Content/HandheldAR/Blueprints/UI/Icons/T_Capsule_Right_02.uasset" 995
"D:/ARProject/EscapeRoom/Content/HandheldAR/Blueprints/UI/Icons/T_Capsule_Right_02.uexp" 996
"D:/ARProject/EscapeRoom/Content/HandheldAR/Blueprints/UI/Icons/T_Capsule_Left_02.uasset" 997
"D:/ARProject/EscapeRoom/Content/HandheldAR/Blueprints/UI/Icons/T_Capsule_Left_02.uexp" 998
"D:/ARProject/EscapeRoom/Content/HandheldAR/Blueprints/UI/Icons/T_Capsule_Center_02.uasset" 999
"D:/ARProject/EscapeRoom/Content/HandheldAR/Blueprints/UI/Icons/T_Capsule_Center_02.uexp" 1000
"D:/ARProject/EscapeRoom/Content/HandheldAR/Blueprints/UI/Styles/DT_Styles.uasset" 1001
"D:/ARProject/EscapeRoom/Content/HandheldAR/Blueprints/UI/Styles/DT_Styles.uexp" 1002
"D:/ARProject/EscapeRoom/Content/HandheldAR/Blueprints/UI/Styles/BP_StylizedUI.uasset" 1003
"D:/ARProject/EscapeRoom/Content/HandheldAR/Blueprints/UI/Styles/BP_StylizedUI.uexp" 1004
"../../../Engine/Content/Functions/Engine_MaterialFunctions02/Texturing/CustomRotator.uasset" 1005
"../../../Engine/Content/Functions/Engine_MaterialFunctions02/Texturing/CustomRotator.uexp" 1006
"D:/ARProject/EscapeRoom/Content/HandheldAR/Blueprints/UI/Icons/T_Shape_Loading.uasset" 1007
"D:/ARProject/EscapeRoom/Content/HandheldAR/Blueprints/UI/Icons/T_Shape_Loading.uexp" 1008
"D:/ARProject/EscapeRoom/Content/HandheldAR/Blueprints/UI/Materials/M_ButtonRotatingUI.uasset" 1009
"D:/ARProject/EscapeRoom/Content/HandheldAR/Blueprints/UI/Materials/M_ButtonRotatingUI.uexp" 1010
"D:/ARProject/EscapeRoom/Content/HandheldAR/Blueprints/UI/Icons/T_Shape_Circle.uasset" 1011
"D:/ARProject/EscapeRoom/Content/HandheldAR/Blueprints/UI/Icons/T_Shape_Circle.uexp" 1012
"D:/ARProject/EscapeRoom/Content/HandheldAR/Blueprints/UI/BP_StartMenu.uasset" 1013
"D:/ARProject/EscapeRoom/Content/HandheldAR/Blueprints/UI/BP_StartMenu.uexp" 1014
"D:/ARProject/EscapeRoom/Content/HandheldAR/Blueprints/UI/BP_OptionMenu.uasset" 1015
"D:/ARProject/EscapeRoom/Content/HandheldAR/Blueprints/UI/BP_OptionMenu.uexp" 1016
"D:/ARProject/EscapeRoom/Content/HandheldAR/Blueprints/UI/Icons/T_Icon_Swipe.uasset" 1017
"D:/ARProject/EscapeRoom/Content/HandheldAR/Blueprints/UI/Icons/T_Icon_Swipe.uexp" 1018
"D:/ARProject/EscapeRoom/Content/HandheldAR/Blueprints/UI/Icons/T_Icon_Scale.uasset" 1019
"D:/ARProject/EscapeRoom/Content/HandheldAR/Blueprints/UI/Icons/T_Icon_Scale.uexp" 1020
"D:/ARProject/EscapeRoom/Content/HandheldAR/Blueprints/UI/Icons/T_Icon_Rotate.uasset" 1021
"D:/ARProject/EscapeRoom/Content/HandheldAR/Blueprints/UI/Icons/T_Icon_Rotate.uexp" 1022
"D:/ARProject/EscapeRoom/Content/HandheldAR/Blueprints/UI/Icons/T_Icon_Pinch.uasset" 1023
"D:/ARProject/EscapeRoom/Content/HandheldAR/Blueprints/UI/Icons/T_Icon_Pinch.uexp" 1024
"D:/ARProject/EscapeRoom/Content/HandheldAR/Blueprints/UI/Icons/T_Icon_Move.uasset" 1025
"D:/ARProject/EscapeRoom/Content/HandheldAR/Blueprints/UI/Icons/T_Icon_Move.uexp" 1026
"D:/ARProject/EscapeRoom/Content/HandheldAR/Blueprints/UI/Icons/T_Icon_Grab.uasset" 1027
"D:/ARProject/EscapeRoom/Content/HandheldAR/Blueprints/UI/Icons/T_Icon_Grab.uexp" 1028
"D:/ARProject/EscapeRoom/Content/HandheldAR/Blueprints/UI/BP_InfoMenu.uasset" 1029
"D:/ARProject/EscapeRoom/Content/HandheldAR/Blueprints/UI/BP_InfoMenu.uexp" 1030
"D:/ARProject/EscapeRoom/Content/HandheldAR/Blueprints/UI/Icons/T_CircularMenu_Top.uasset" 1031
"D:/ARProject/EscapeRoom/Content/HandheldAR/Blueprints/UI/Icons/T_CircularMenu_Top.uexp" 1032
"D:/ARProject/EscapeRoom/Content/HandheldAR/Blueprints/UI/Materials/M_CircularMenuSelection.uasset" 1033
"D:/ARProject/EscapeRoom/Content/HandheldAR/Blueprints/UI/Materials/M_CircularMenuSelection.uexp" 1034
"D:/ARProject/EscapeRoom/Content/HandheldAR/Blueprints/UI/Icons/T_Icon_Circle.uasset" 1035
"D:/ARProject/EscapeRoom/Content/HandheldAR/Blueprints/UI/Icons/T_Icon_Circle.uexp" 1036
"D:/ARProject/EscapeRoom/Content/HandheldAR/Blueprints/UI/Icons/T_CircularMenu.uasset" 1037
"D:/ARProject/EscapeRoom/Content/HandheldAR/Blueprints/UI/Icons/T_CircularMenu.uexp" 1038
"D:/ARProject/EscapeRoom/Content/HandheldAR/Blueprints/UI/BP_BottomMenu.uasset" 1039
"D:/ARProject/EscapeRoom/Content/HandheldAR/Blueprints/UI/BP_BottomMenu.uexp" 1040
"D:/ARProject/EscapeRoom/Content/HandheldAR/Blueprints/UI/Materials/M_CircularMask.uasset" 1041
"D:/ARProject/EscapeRoom/Content/HandheldAR/Blueprints/UI/Materials/M_CircularMask.uexp" 1042
"D:/ARProject/EscapeRoom/Content/HandheldAR/Blueprints/UI/Icons/T_Icon_Shot_01.ubulk" 1043
"D:/ARProject/EscapeRoom/Content/HandheldAR/Blueprints/UI/Icons/T_Icon_Shot_01.uasset" 1044
"D:/ARProject/EscapeRoom/Content/HandheldAR/Blueprints/UI/Icons/T_Icon_Shot_01.uexp" 1045
"D:/ARProject/EscapeRoom/Content/HandheldAR/Blueprints/UI/BP_MainMenu.uasset" 1046
"D:/ARProject/EscapeRoom/Content/HandheldAR/Blueprints/UI/BP_MainMenu.uexp" 1047
"D:/ARProject/EscapeRoom/Content/Mesh/Material/M_Sticker.uasset" 1048
"D:/ARProject/EscapeRoom/Content/Mesh/Material/M_Sticker.uexp" 1049
"D:/ARProject/EscapeRoom/Content/Mesh/Material/MI.uasset" 1050
"D:/ARProject/EscapeRoom/Content/Mesh/Material/MI.uexp" 1051
"D:/ARProject/EscapeRoom/Content/Mesh/Material/MI_B.uasset" 1052
"D:/ARProject/EscapeRoom/Content/Mesh/Material/MI_B.uexp" 1053
"D:/ARProject/EscapeRoom/Content/Mesh/Material/MI_G.uasset" 1054
"D:/ARProject/EscapeRoom/Content/Mesh/Material/MI_G.uexp" 1055
"D:/ARProject/EscapeRoom/Content/Mesh/Material/MI_O.uasset" 1056
"D:/ARProject/EscapeRoom/Content/Mesh/Material/MI_O.uexp" 1057
"D:/ARProject/EscapeRoom/Content/Mesh/Material/MI_R.uasset" 1058
"D:/ARProject/EscapeRoom/Content/Mesh/Material/MI_R.uexp" 1059
"D:/ARProject/EscapeRoom/Content/Mesh/Material/MI_Y.uasset" 1060
"D:/ARProject/EscapeRoom/Content/Mesh/Material/MI_Y.uexp" 1061
"D:/ARProject/EscapeRoom/Content/Mesh/initialShadingGroup.uasset" 1062
"D:/ARProject/EscapeRoom/Content/Mesh/initialShadingGroup.uexp" 1063
"D:/ARProject/EscapeRoom/Content/Mesh/RubixCube/BaseCubelet.ubulk" 1064
"D:/ARProject/EscapeRoom/Content/Mesh/RubixCube/BaseCubelet.uasset" 1065
"D:/ARProject/EscapeRoom/Content/Mesh/RubixCube/BaseCubelet.uexp" 1066
"D:/ARProject/EscapeRoom/Content/Mesh/Material/MI_W.uasset" 1067
"D:/ARProject/EscapeRoom/Content/Mesh/Material/MI_W.uexp" 1068
"D:/ARProject/EscapeRoom/Content/HandheldAR/Blueprints/Placeable/BP_RubiksCubeActor.uasset" 1069
"D:/ARProject/EscapeRoom/Content/HandheldAR/Blueprints/Placeable/BP_RubiksCubeActor.uexp" 1070
"../../../Engine/Content/BasicShapes/Cylinder.ubulk" 1071
"../../../Engine/Content/BasicShapes/Cylinder.uasset" 1072
"../../../Engine/Content/BasicShapes/Cylinder.uexp" 1073
"../../../Engine/Content/BasicShapes/BasicShapeMaterial.uasset" 1074
"../../../Engine/Content/BasicShapes/BasicShapeMaterial.uexp" 1075
"D:/ARProject/EscapeRoom/Content/ProductAssets/Materials/M_Plastic.uasset" 1076
"D:/ARProject/EscapeRoom/Content/ProductAssets/Materials/M_Plastic.uexp" 1077
"D:/ARProject/EscapeRoom/Content/ProductAssets/Mesh/SM_Manequin.ubulk" 1078
"D:/ARProject/EscapeRoom/Content/ProductAssets/Mesh/SM_Manequin.uasset" 1079
"D:/ARProject/EscapeRoom/Content/ProductAssets/Mesh/SM_Manequin.uexp" 1080
"D:/ARProject/EscapeRoom/Content/ProductAssets/BP_ProductAssetRef.uasset" 1081
"D:/ARProject/EscapeRoom/Content/ProductAssets/BP_ProductAssetRef.uexp" 1082
"../../../Engine/Content/ArtTools/RenderToTexture/Textures/127grey.uasset" 1083
"../../../Engine/Content/ArtTools/RenderToTexture/Textures/127grey.uexp" 1084
"D:/ARProject/EscapeRoom/Content/HandheldAR/Blueprints/Placeable/BP_InteractionHUD.uasset" 1085
"D:/ARProject/EscapeRoom/Content/HandheldAR/Blueprints/Placeable/BP_InteractionHUD.uexp" 1086
"D:/ARProject/EscapeRoom/Content/HandheldAR/Blueprints/Placeable/Textures/T_SquarePlate.uasset" 1087
"D:/ARProject/EscapeRoom/Content/HandheldAR/Blueprints/Placeable/Textures/T_SquarePlate.uexp" 1088
"D:/ARProject/EscapeRoom/Content/HandheldAR/Blueprints/Placeable/Textures/T_CirclePlate.uasset" 1089
"D:/ARProject/EscapeRoom/Content/HandheldAR/Blueprints/Placeable/Textures/T_CirclePlate.uexp" 1090
"D:/ARProject/EscapeRoom/Content/HandheldAR/Blueprints/Placeable/Materials/M_Placeable.uasset" 1091
"D:/ARProject/EscapeRoom/Content/HandheldAR/Blueprints/Placeable/Materials/M_Placeable.uexp" 1092
"D:/ARProject/EscapeRoom/Content/HandheldAR/Blueprints/Placeable/Mesh/SM_Plate.ubulk" 1093
"D:/ARProject/EscapeRoom/Content/HandheldAR/Blueprints/Placeable/Mesh/SM_Plate.uasset" 1094
"D:/ARProject/EscapeRoom/Content/HandheldAR/Blueprints/Placeable/Mesh/SM_Plate.uexp" 1095
"D:/ARProject/EscapeRoom/Content/HandheldAR/Blueprints/Placeable/Mesh/SM_ArrowHead.ubulk" 1096
"D:/ARProject/EscapeRoom/Content/HandheldAR/Blueprints/Placeable/Mesh/SM_ArrowHead.uasset" 1097
"D:/ARProject/EscapeRoom/Content/HandheldAR/Blueprints/Placeable/Mesh/SM_ArrowHead.uexp" 1098
"D:/ARProject/EscapeRoom/Content/HandheldAR/Blueprints/Placeable/Mesh/SM_ArrowBody.ubulk" 1099
"D:/ARProject/EscapeRoom/Content/HandheldAR/Blueprints/Placeable/Mesh/SM_ArrowBody.uasset" 1100
"D:/ARProject/EscapeRoom/Content/HandheldAR/Blueprints/Placeable/Mesh/SM_ArrowBody.uexp" 1101
"D:/ARProject/EscapeRoom/Content/HandheldAR/Blueprints/Placeable/Textures/T_Shadow.uasset" 1102
"D:/ARProject/EscapeRoom/Content/HandheldAR/Blueprints/Placeable/Textures/T_Shadow.uexp" 1103
"D:/ARProject/EscapeRoom/Content/HandheldAR/Blueprints/Placeable/Materials/M_Shadow.uasset" 1104
"D:/ARProject/EscapeRoom/Content/HandheldAR/Blueprints/Placeable/Materials/M_Shadow.uexp" 1105
"D:/ARProject/EscapeRoom/Content/HandheldAR/Blueprints/Placeable/Materials/M_Arrow.uasset" 1106
"D:/ARProject/EscapeRoom/Content/HandheldAR/Blueprints/Placeable/Materials/M_Arrow.uexp" 1107
"D:/ARProject/EscapeRoom/Content/HandheldAR/Blueprints/Placeable/BP_Placeable.uasset" 1108
"D:/ARProject/EscapeRoom/Content/HandheldAR/Blueprints/Placeable/BP_Placeable.uexp" 1109
"D:/ARProject/EscapeRoom/Content/HandheldAR/Blueprints/Placeable/Textures/T_Square.ubulk" 1110
"D:/ARProject/EscapeRoom/Content/HandheldAR/Blueprints/Placeable/Textures/T_Square.uasset" 1111
"D:/ARProject/EscapeRoom/Content/HandheldAR/Blueprints/Placeable/Textures/T_Square.uexp" 1112
"D:/ARProject/EscapeRoom/Content/HandheldAR/Blueprints/GameFramework/BP_ARPawn.uasset" 1113
"D:/ARProject/EscapeRoom/Content/HandheldAR/Blueprints/GameFramework/BP_ARPawn.uexp" 1114
"D:/ARProject/EscapeRoom/Content/HandheldAR/Blueprints/GameFramework/BP_ARPlayerController.uasset" 1115
"D:/ARProject/EscapeRoom/Content/HandheldAR/Blueprints/GameFramework/BP_ARPlayerController.uexp" 1116
"D:/ARProject/EscapeRoom/Content/HandheldAR/Blueprints/GameFramework/BP_ARGameMode.uasset" 1117
"D:/ARProject/EscapeRoom/Content/HandheldAR/Blueprints/GameFramework/BP_ARGameMode.uexp" 1118
"D:/ARProject/EscapeRoom/Content/HandheldAR/Maps/HandheldARBlankMap.uexp" 1119
"D:/ARProject/EscapeRoom/Content/HandheldAR/Maps/HandheldARBlankMap.umap" 1120
